# JRE version: Java(TM) SE Runtime Environment (7.0_45-b18) (build 1.7.0_45-b18)
# Java VM: Java HotSpot(TM) Client VM (24.45-b08 mixed mode windows-x86 )
Heap
 def new generation   total 4928K, used 2155K [0x047d0000, 0x04d20000, 0x09d20000)
  eden space 4416K,  47% used [0x047d0000, 0x049d75c0, 0x04c20000)
  from space 512K,  15% used [0x04c20000, 0x04c339c8, 0x04ca0000)
  to   space 512K,   0% used [0x04ca0000, 0x04ca0000, 0x04d20000)
 tenured generation   total 10944K, used 10570K [0x09d20000, 0x0a7d0000, 0x147d0000)
   the space 10944K,  96% used [0x09d20000, 0x0a7729c8, 0x0a772a00, 0x0a7d0000)
 compacting perm gen  total 12288K, used 11807K [0x147d0000, 0x153d0000, 0x187d0000)
   the space 12288K,  96% used [0x147d0000, 0x15357db8, 0x15357e00, 0x153d0000)
GC Heap History (10 events):
Event: 793.401 GC heap before
{Heap before GC invocations=239 (full 0):
 def new generation   total 4928K, used 4495K [0x047d0000, 0x04d20000, 0x09d20000)
  eden space 4416K, 100% used [0x047d0000, 0x04c20000, 0x04c20000)
  from space 512K,  15% used [0x04ca0000, 0x04cb3e18, 0x04d20000)
  to   space 512K,   0% used [0x04c20000, 0x04c20000, 0x04ca0000)
 tenured generation   total 10944K, used 10570K [0x09d20000, 0x0a7d0000, 0x147d0000)
   the space 10944K,  96% used [0x09d20000, 0x0a7729c8, 0x0a772a00, 0x0a7d0000)
 compacting perm gen  total 12288K, used 11806K [0x147d0000, 0x153d0000, 0x187d0000)
   the space 12288K,  96% used [0x147d0000, 0x153579c0, 0x15357a00, 0x153d0000)
No shared spaces configured.
Event: 793.403 GC heap after
Heap after GC invocations=240 (full 0):
 def new generation   total 4928K, used 79K [0x047d0000, 0x04d20000, 0x09d20000)
  eden space 4416K,   0% used [0x047d0000, 0x047d0000, 0x04c20000)
  from space 512K,  15% used [0x04c20000, 0x04c33e18, 0x04ca0000)
  to   space 512K,   0% used [0x04ca0000, 0x04ca0000, 0x04d20000)
 tenured generation   total 10944K, used 10570K [0x09d20000, 0x0a7d0000, 0x147d0000)
   the space 10944K,  96% used [0x09d20000, 0x0a7729c8, 0x0a772a00, 0x0a7d0000)
 compacting perm gen  total 12288K, used 11806K [0x147d0000, 0x153d0000, 0x187d0000)
   the space 12288K,  96% used [0x147d0000, 0x153579c0, 0x15357a00, 0x153d0000)
No shared spaces configured.
}
Event: 796.542 GC heap before
{Heap before GC invocations=240 (full 0):
 def new generation   total 4928K, used 4495K [0x047d0000, 0x04d20000, 0x09d20000)
  eden space 4416K, 100% used [0x047d0000, 0x04c20000, 0x04c20000)
  from space 512K,  15% used [0x04c20000, 0x04c33e18, 0x04ca0000)
  to   space 512K,   0% used [0x04ca0000, 0x04ca0000, 0x04d20000)
 tenured generation   total 10944K, used 10570K [0x09d20000, 0x0a7d0000, 0x147d0000)
   the space 10944K,  96% used [0x09d20000, 0x0a7729c8, 0x0a772a00, 0x0a7d0000)
 compacting perm gen  total 12288K, used 11806K [0x147d0000, 0x153d0000, 0x187d0000)
   the space 12288K,  96% used [0x147d0000, 0x153579c0, 0x15357a00, 0x153d0000)
No shared spaces configured.
Event: 796.544 GC heap after
Heap after GC invocations=241 (full 0):
 def new generation   total 4928K, used 79K [0x047d0000, 0x04d20000, 0x09d20000)
  eden space 4416K,   0% used [0x047d0000, 0x047d0000, 0x04c20000)
  from space 512K,  15% used [0x04ca0000, 0x04cb3e18, 0x04d20000)
  to   space 512K,   0% used [0x04c20000, 0x04c20000, 0x04ca0000)
 tenured generation   total 10944K, used 10570K [0x09d20000, 0x0a7d0000, 0x147d0000)
   the space 10944K,  96% used [0x09d20000, 0x0a7729c8, 0x0a772a00, 0x0a7d0000)
 compacting perm gen  total 12288K, used 11806K [0x147d0000, 0x153d0000, 0x187d0000)
   the space 12288K,  96% used [0x147d0000, 0x153579c0, 0x15357a00, 0x153d0000)
No shared spaces configured.
}
Event: 799.805 GC heap before
{Heap before GC invocations=241 (full 0):
 def new generation   total 4928K, used 4495K [0x047d0000, 0x04d20000, 0x09d20000)
  eden space 4416K, 100% used [0x047d0000, 0x04c20000, 0x04c20000)
  from space 512K,  15% used [0x04ca0000, 0x04cb3e18, 0x04d20000)
  to   space 512K,   0% used [0x04c20000, 0x04c20000, 0x04ca0000)
 tenured generation   total 10944K, used 10570K [0x09d20000, 0x0a7d0000, 0x147d0000)
   the space 10944K,  96% used [0x09d20000, 0x0a7729c8, 0x0a772a00, 0x0a7d0000)
 compacting perm gen  total 12288K, used 11806K [0x147d0000, 0x153d0000, 0x187d0000)
   the space 12288K,  96% used [0x147d0000, 0x153579c0, 0x15357a00, 0x153d0000)
No shared spaces configured.
Event: 799.807 GC heap after
Heap after GC invocations=242 (full 0):
 def new generation   total 4928K, used 79K [0x047d0000, 0x04d20000, 0x09d20000)
  eden space 4416K,   0% used [0x047d0000, 0x047d0000, 0x04c20000)
  from space 512K,  15% used [0x04c20000, 0x04c33e18, 0x04ca0000)
  to   space 512K,   0% used [0x04ca0000, 0x04ca0000, 0x04d20000)
 tenured generation   total 10944K, used 10570K [0x09d20000, 0x0a7d0000, 0x147d0000)
   the space 10944K,  96% used [0x09d20000, 0x0a7729c8, 0x0a772a00, 0x0a7d0000)
 compacting perm gen  total 12288K, used 11806K [0x147d0000, 0x153d0000, 0x187d0000)
   the space 12288K,  96% used [0x147d0000, 0x153579c0, 0x15357a00, 0x153d0000)
No shared spaces configured.
}
Event: 802.940 GC heap before
{Heap before GC invocations=242 (full 0):
 def new generation   total 4928K, used 4495K [0x047d0000, 0x04d20000, 0x09d20000)
  eden space 4416K, 100% used [0x047d0000, 0x04c20000, 0x04c20000)
  from space 512K,  15% used [0x04c20000, 0x04c33e18, 0x04ca0000)
  to   space 512K,   0% used [0x04ca0000, 0x04ca0000, 0x04d20000)
 tenured generation   total 10944K, used 10570K [0x09d20000, 0x0a7d0000, 0x147d0000)
   the space 10944K,  96% used [0x09d20000, 0x0a7729c8, 0x0a772a00, 0x0a7d0000)
 compacting perm gen  total 12288K, used 11806K [0x147d0000, 0x153d0000, 0x187d0000)
   the space 12288K,  96% used [0x147d0000, 0x153579c0, 0x15357a00, 0x153d0000)
No shared spaces configured.
Event: 802.944 GC heap after
Heap after GC invocations=243 (full 0):
 def new generation   total 4928K, used 79K [0x047d0000, 0x04d20000, 0x09d20000)
  eden space 4416K,   0% used [0x047d0000, 0x047d0000, 0x04c20000)
  from space 512K,  15% used [0x04ca0000, 0x04cb3e18, 0x04d20000)
  to   space 512K,   0% used [0x04c20000, 0x04c20000, 0x04ca0000)
 tenured generation   total 10944K, used 10570K [0x09d20000, 0x0a7d0000, 0x147d0000)
   the space 10944K,  96% used [0x09d20000, 0x0a7729c8, 0x0a772a00, 0x0a7d0000)
 compacting perm gen  total 12288K, used 11806K [0x147d0000, 0x153d0000, 0x187d0000)
   the space 12288K,  96% used [0x147d0000, 0x153579c0, 0x15357a00, 0x153d0000)
No shared spaces configured.
}
Event: 806.205 GC heap before
{Heap before GC invocations=243 (full 0):
 def new generation   total 4928K, used 4495K [0x047d0000, 0x04d20000, 0x09d20000)
  eden space 4416K, 100% used [0x047d0000, 0x04c20000, 0x04c20000)
  from space 512K,  15% used [0x04ca0000, 0x04cb3e18, 0x04d20000)
  to   space 512K,   0% used [0x04c20000, 0x04c20000, 0x04ca0000)
 tenured generation   total 10944K, used 10570K [0x09d20000, 0x0a7d0000, 0x147d0000)
   the space 10944K,  96% used [0x09d20000, 0x0a7729c8, 0x0a772a00, 0x0a7d0000)
 compacting perm gen  total 12288K, used 11806K [0x147d0000, 0x153d0000, 0x187d0000)
   the space 12288K,  96% used [0x147d0000, 0x153579c0, 0x15357a00, 0x153d0000)
No shared spaces configured.
Event: 806.210 GC heap after
Heap after GC invocations=244 (full 0):
 def new generation   total 4928K, used 78K [0x047d0000, 0x04d20000, 0x09d20000)
  eden space 4416K,   0% used [0x047d0000, 0x047d0000, 0x04c20000)
  from space 512K,  15% used [0x04c20000, 0x04c339c8, 0x04ca0000)
  to   space 512K,   0% used [0x04ca0000, 0x04ca0000, 0x04d20000)
 tenured generation   total 10944K, used 10570K [0x09d20000, 0x0a7d0000, 0x147d0000)
   the space 10944K,  96% used [0x09d20000, 0x0a7729c8, 0x0a772a00, 0x0a7d0000)
 compacting perm gen  total 12288K, used 11806K [0x147d0000, 0x153d0000, 0x187d0000)
   the space 12288K,  96% used [0x147d0000, 0x153579c0, 0x15357a00, 0x153d0000)
No shared spaces configured.
}

