# JRE version: Java(TM) SE Runtime Environment (7.0_45-b18) (build 1.7.0_45-b18)
# Java VM: Java HotSpot(TM) Client VM (24.45-b08 mixed mode windows-x86 )
Heap
 def new generation   total 4928K, used 1022K [0x044c0000, 0x04a10000, 0x09a10000)
  eden space 4416K,  20% used [0x044c0000, 0x0459d508, 0x04910000)
  from space 512K,  26% used [0x04910000, 0x04932308, 0x04990000)
  to   space 512K,   0% used [0x04990000, 0x04990000, 0x04a10000)
 tenured generation   total 10944K, used 10676K [0x09a10000, 0x0a4c0000, 0x144c0000)
   the space 10944K,  97% used [0x09a10000, 0x0a47d270, 0x0a47d400, 0x0a4c0000)
 compacting perm gen  total 12288K, used 11800K [0x144c0000, 0x150c0000, 0x184c0000)
   the space 12288K,  96% used [0x144c0000, 0x150463b8, 0x15046400, 0x150c0000)
GC Heap History (10 events):
Event: 35.031 GC heap before
{Heap before GC invocations=9 (full 0):
 def new generation   total 4928K, used 4928K [0x044c0000, 0x04a10000, 0x09a10000)
  eden space 4416K, 100% used [0x044c0000, 0x04910000, 0x04910000)
  from space 512K, 100% used [0x04990000, 0x04a10000, 0x04a10000)
  to   space 512K,   0% used [0x04910000, 0x04910000, 0x04990000)
 tenured generation   total 10944K, used 9919K [0x09a10000, 0x0a4c0000, 0x144c0000)
   the space 10944K,  90% used [0x09a10000, 0x0a3bff38, 0x0a3c0000, 0x0a4c0000)
 compacting perm gen  total 12288K, used 11597K [0x144c0000, 0x150c0000, 0x184c0000)
   the space 12288K,  94% used [0x144c0000, 0x15013738, 0x15013800, 0x150c0000)
No shared spaces configured.
Event: 35.034 GC heap after
Heap after GC invocations=10 (full 0):
 def new generation   total 4928K, used 284K [0x044c0000, 0x04a10000, 0x09a10000)
  eden space 4416K,   0% used [0x044c0000, 0x044c0000, 0x04910000)
  from space 512K,  55% used [0x04910000, 0x049572e8, 0x04990000)
  to   space 512K,   0% used [0x04990000, 0x04990000, 0x04a10000)
 tenured generation   total 10944K, used 10411K [0x09a10000, 0x0a4c0000, 0x144c0000)
   the space 10944K,  95% used [0x09a10000, 0x0a43ade8, 0x0a43ae00, 0x0a4c0000)
 compacting perm gen  total 12288K, used 11597K [0x144c0000, 0x150c0000, 0x184c0000)
   the space 12288K,  94% used [0x144c0000, 0x15013738, 0x15013800, 0x150c0000)
No shared spaces configured.
}
Event: 43.660 GC heap before
{Heap before GC invocations=10 (full 0):
 def new generation   total 4928K, used 4700K [0x044c0000, 0x04a10000, 0x09a10000)
  eden space 4416K, 100% used [0x044c0000, 0x04910000, 0x04910000)
  from space 512K,  55% used [0x04910000, 0x049572e8, 0x04990000)
  to   space 512K,   0% used [0x04990000, 0x04990000, 0x04a10000)
 tenured generation   total 10944K, used 10411K [0x09a10000, 0x0a4c0000, 0x144c0000)
   the space 10944K,  95% used [0x09a10000, 0x0a43ade8, 0x0a43ae00, 0x0a4c0000)
 compacting perm gen  total 12288K, used 11782K [0x144c0000, 0x150c0000, 0x184c0000)
   the space 12288K,  95% used [0x144c0000, 0x15041b10, 0x15041c00, 0x150c0000)
No shared spaces configured.
Event: 43.664 GC heap after
Heap after GC invocations=11 (full 0):
 def new generation   total 4928K, used 316K [0x044c0000, 0x04a10000, 0x09a10000)
  eden space 4416K,   0% used [0x044c0000, 0x044c0000, 0x04910000)
  from space 512K,  61% used [0x04990000, 0x049df338, 0x04a10000)
  to   space 512K,   0% used [0x04910000, 0x04910000, 0x04990000)
 tenured generation   total 10944K, used 10555K [0x09a10000, 0x0a4c0000, 0x144c0000)
   the space 10944K,  96% used [0x09a10000, 0x0a45ec00, 0x0a45ec00, 0x0a4c0000)
 compacting perm gen  total 12288K, used 11782K [0x144c0000, 0x150c0000, 0x184c0000)
   the space 12288K,  95% used [0x144c0000, 0x15041b10, 0x15041c00, 0x150c0000)
No shared spaces configured.
}
Event: 45.751 GC heap before
{Heap before GC invocations=11 (full 0):
 def new generation   total 4928K, used 4732K [0x044c0000, 0x04a10000, 0x09a10000)
  eden space 4416K, 100% used [0x044c0000, 0x04910000, 0x04910000)
  from space 512K,  61% used [0x04990000, 0x049df338, 0x04a10000)
  to   space 512K,   0% used [0x04910000, 0x04910000, 0x04990000)
 tenured generation   total 10944K, used 10555K [0x09a10000, 0x0a4c0000, 0x144c0000)
   the space 10944K,  96% used [0x09a10000, 0x0a45ec00, 0x0a45ec00, 0x0a4c0000)
 compacting perm gen  total 12288K, used 11799K [0x144c0000, 0x150c0000, 0x184c0000)
   the space 12288K,  96% used [0x144c0000, 0x15045f00, 0x15046000, 0x150c0000)
No shared spaces configured.
Event: 45.756 GC heap after
Heap after GC invocations=12 (full 0):
 def new generation   total 4928K, used 135K [0x044c0000, 0x04a10000, 0x09a10000)
  eden space 4416K,   0% used [0x044c0000, 0x044c0000, 0x04910000)
  from space 512K,  26% used [0x04910000, 0x04931ef8, 0x04990000)
  to   space 512K,   0% used [0x04990000, 0x04990000, 0x04a10000)
 tenured generation   total 10944K, used 10676K [0x09a10000, 0x0a4c0000, 0x144c0000)
   the space 10944K,  97% used [0x09a10000, 0x0a47d270, 0x0a47d400, 0x0a4c0000)
 compacting perm gen  total 12288K, used 11799K [0x144c0000, 0x150c0000, 0x184c0000)
   the space 12288K,  96% used [0x144c0000, 0x15045f00, 0x15046000, 0x150c0000)
No shared spaces configured.
}
Event: 46.407 GC heap before
{Heap before GC invocations=12 (full 0):
 def new generation   total 4928K, used 4551K [0x044c0000, 0x04a10000, 0x09a10000)
  eden space 4416K, 100% used [0x044c0000, 0x04910000, 0x04910000)
  from space 512K,  26% used [0x04910000, 0x04931ef8, 0x04990000)
  to   space 512K,   0% used [0x04990000, 0x04990000, 0x04a10000)
 tenured generation   total 10944K, used 10676K [0x09a10000, 0x0a4c0000, 0x144c0000)
   the space 10944K,  97% used [0x09a10000, 0x0a47d270, 0x0a47d400, 0x0a4c0000)
 compacting perm gen  total 12288K, used 11799K [0x144c0000, 0x150c0000, 0x184c0000)
   the space 12288K,  96% used [0x144c0000, 0x15045f10, 0x15046000, 0x150c0000)
No shared spaces configured.
Event: 46.411 GC heap after
Heap after GC invocations=13 (full 0):
 def new generation   total 4928K, used 132K [0x044c0000, 0x04a10000, 0x09a10000)
  eden space 4416K,   0% used [0x044c0000, 0x044c0000, 0x04910000)
  from space 512K,  25% used [0x04990000, 0x049b12d0, 0x04a10000)
  to   space 512K,   0% used [0x04910000, 0x04910000, 0x04990000)
 tenured generation   total 10944K, used 10676K [0x09a10000, 0x0a4c0000, 0x144c0000)
   the space 10944K,  97% used [0x09a10000, 0x0a47d270, 0x0a47d400, 0x0a4c0000)
 compacting perm gen  total 12288K, used 11799K [0x144c0000, 0x150c0000, 0x184c0000)
   the space 12288K,  96% used [0x144c0000, 0x15045f10, 0x15046000, 0x150c0000)
No shared spaces configured.
}
Event: 48.543 GC heap before
{Heap before GC invocations=13 (full 0):
 def new generation   total 4928K, used 4548K [0x044c0000, 0x04a10000, 0x09a10000)
  eden space 4416K, 100% used [0x044c0000, 0x04910000, 0x04910000)
  from space 512K,  25% used [0x04990000, 0x049b12d0, 0x04a10000)
  to   space 512K,   0% used [0x04910000, 0x04910000, 0x04990000)
 tenured generation   total 10944K, used 10676K [0x09a10000, 0x0a4c0000, 0x144c0000)
   the space 10944K,  97% used [0x09a10000, 0x0a47d270, 0x0a47d400, 0x0a4c0000)
 compacting perm gen  total 12288K, used 11799K [0x144c0000, 0x150c0000, 0x184c0000)
   the space 12288K,  96% used [0x144c0000, 0x15045f30, 0x15046000, 0x150c0000)
No shared spaces configured.
Event: 48.547 GC heap after
Heap after GC invocations=14 (full 0):
 def new generation   total 4928K, used 136K [0x044c0000, 0x04a10000, 0x09a10000)
  eden space 4416K,   0% used [0x044c0000, 0x044c0000, 0x04910000)
  from space 512K,  26% used [0x04910000, 0x04932308, 0x04990000)
  to   space 512K,   0% used [0x04990000, 0x04990000, 0x04a10000)
 tenured generation   total 10944K, used 10676K [0x09a10000, 0x0a4c0000, 0x144c0000)
   the space 10944K,  97% used [0x09a10000, 0x0a47d270, 0x0a47d400, 0x0a4c0000)
 compacting perm gen  total 12288K, used 11799K [0x144c0000, 0x150c0000, 0x184c0000)
   the space 12288K,  96% used [0x144c0000, 0x15045f30, 0x15046000, 0x150c0000)
No shared spaces configured.
}

