# JRE version: Java(TM) SE Runtime Environment (8.0_45-b14) (build 1.8.0_45-b14)
# Java VM: Java HotSpot(TM) Client VM (25.45-b02 mixed mode, sharing windows-x86 )
Heap:
 def new generation   total 4928K, used 2529K [0x04600000, 0x04b50000, 0x09b50000)
  eden space 4416K,  49% used [0x04600000, 0x0481db68, 0x04a50000)
  from space 512K,  70% used [0x04ad0000, 0x04b2a988, 0x04b50000)
  to   space 512K,   0% used [0x04a50000, 0x04a50000, 0x04ad0000)
 tenured generation   total 10944K, used 7005K [0x09b50000, 0x0a600000, 0x14600000)
   the space 10944K,  64% used [0x09b50000, 0x0a227530, 0x0a227600, 0x0a600000)
 Metaspace       used 3410K, capacity 3591K, committed 3648K, reserved 4480K
GC Heap History (10 events):
Event: 1.574 GC heap before
{Heap before GC invocations=2 (full 0):
 def new generation   total 4928K, used 4926K [0x04600000, 0x04b50000, 0x09b50000)
  eden space 4416K,  99% used [0x04600000, 0x04a4fb10, 0x04a50000)
  from space 512K, 100% used [0x04a50000, 0x04ad0000, 0x04ad0000)
  to   space 512K,   0% used [0x04ad0000, 0x04ad0000, 0x04b50000)
 tenured generation   total 10944K, used 2486K [0x09b50000, 0x0a600000, 0x14600000)
   the space 10944K,  22% used [0x09b50000, 0x09dbd970, 0x09dbda00, 0x0a600000)
 Metaspace       used 2661K, capacity 2862K, committed 2880K, reserved 4480K
Event: 1.578 GC heap after
Heap after GC invocations=3 (full 0):
 def new generation   total 4928K, used 457K [0x04600000, 0x04b50000, 0x09b50000)
  eden space 4416K,   0% used [0x04600000, 0x04600000, 0x04a50000)
  from space 512K,  89% used [0x04ad0000, 0x04b427e0, 0x04b50000)
  to   space 512K,   0% used [0x04a50000, 0x04a50000, 0x04ad0000)
 tenured generation   total 10944K, used 2985K [0x09b50000, 0x0a600000, 0x14600000)
   the space 10944K,  27% used [0x09b50000, 0x09e3a580, 0x09e3a600, 0x0a600000)
 Metaspace       used 2661K, capacity 2862K, committed 2880K, reserved 4480K
}
Event: 1.624 GC heap before
{Heap before GC invocations=3 (full 0):
 def new generation   total 4928K, used 4873K [0x04600000, 0x04b50000, 0x09b50000)
  eden space 4416K, 100% used [0x04600000, 0x04a50000, 0x04a50000)
  from space 512K,  89% used [0x04ad0000, 0x04b427e0, 0x04b50000)
  to   space 512K,   0% used [0x04a50000, 0x04a50000, 0x04ad0000)
 tenured generation   total 10944K, used 2985K [0x09b50000, 0x0a600000, 0x14600000)
   the space 10944K,  27% used [0x09b50000, 0x09e3a580, 0x09e3a600, 0x0a600000)
 Metaspace       used 2831K, capacity 3022K, committed 3136K, reserved 4480K
Event: 1.627 GC heap after
Heap after GC invocations=4 (full 0):
 def new generation   total 4928K, used 208K [0x04600000, 0x04b50000, 0x09b50000)
  eden space 4416K,   0% used [0x04600000, 0x04600000, 0x04a50000)
  from space 512K,  40% used [0x04a50000, 0x04a84008, 0x04ad0000)
  to   space 512K,   0% used [0x04ad0000, 0x04ad0000, 0x04b50000)
 tenured generation   total 10944K, used 3230K [0x09b50000, 0x0a600000, 0x14600000)
   the space 10944K,  29% used [0x09b50000, 0x09e77aa0, 0x09e77c00, 0x0a600000)
 Metaspace       used 2831K, capacity 3022K, committed 3136K, reserved 4480K
}
Event: 2.293 GC heap before
{Heap before GC invocations=4 (full 0):
 def new generation   total 4928K, used 4298K [0x04600000, 0x04b50000, 0x09b50000)
  eden space 4416K,  92% used [0x04600000, 0x049fe9e8, 0x04a50000)
  from space 512K,  40% used [0x04a50000, 0x04a84008, 0x04ad0000)
  to   space 512K,   0% used [0x04ad0000, 0x04ad0000, 0x04b50000)
 tenured generation   total 10944K, used 3230K [0x09b50000, 0x0a600000, 0x14600000)
   the space 10944K,  29% used [0x09b50000, 0x09e77aa0, 0x09e77c00, 0x0a600000)
 Metaspace       used 3180K, capacity 3376K, committed 3392K, reserved 4480K
Event: 2.295 GC heap after
Heap after GC invocations=5 (full 0):
 def new generation   total 4928K, used 511K [0x04600000, 0x04b50000, 0x09b50000)
  eden space 4416K,   0% used [0x04600000, 0x04600000, 0x04a50000)
  from space 512K,  99% used [0x04ad0000, 0x04b4ffd8, 0x04b50000)
  to   space 512K,   0% used [0x04a50000, 0x04a50000, 0x04ad0000)
 tenured generation   total 10944K, used 3230K [0x09b50000, 0x0a600000, 0x14600000)
   the space 10944K,  29% used [0x09b50000, 0x09e77aa0, 0x09e77c00, 0x0a600000)
 Metaspace       used 3180K, capacity 3376K, committed 3392K, reserved 4480K
}
Event: 14.195 GC heap before
{Heap before GC invocations=5 (full 0):
 def new generation   total 4928K, used 3724K [0x04600000, 0x04b50000, 0x09b50000)
  eden space 4416K,  72% used [0x04600000, 0x04923050, 0x04a50000)
  from space 512K,  99% used [0x04ad0000, 0x04b4ffd8, 0x04b50000)
  to   space 512K,   0% used [0x04a50000, 0x04a50000, 0x04ad0000)
 tenured generation   total 10944K, used 3230K [0x09b50000, 0x0a600000, 0x14600000)
   the space 10944K,  29% used [0x09b50000, 0x09e77aa0, 0x09e77c00, 0x0a600000)
 Metaspace       used 3355K, capacity 3549K, committed 3648K, reserved 4480K
Event: 14.207 GC heap after
Heap after GC invocations=6 (full 0):
 def new generation   total 4928K, used 181K [0x04600000, 0x04b50000, 0x09b50000)
  eden space 4416K,   0% used [0x04600000, 0x04600000, 0x04a50000)
  from space 512K,  35% used [0x04a50000, 0x04a7d448, 0x04ad0000)
  to   space 512K,   0% used [0x04ad0000, 0x04ad0000, 0x04b50000)
 tenured generation   total 10944K, used 4654K [0x09b50000, 0x0a600000, 0x14600000)
   the space 10944K,  42% used [0x09b50000, 0x09fdbad0, 0x09fdbc00, 0x0a600000)
 Metaspace       used 3355K, capacity 3549K, committed 3648K, reserved 4480K
}
Event: 14.311 GC heap before
{Heap before GC invocations=6 (full 0):
 def new generation   total 4928K, used 4590K [0x04600000, 0x04b50000, 0x09b50000)
  eden space 4416K,  99% used [0x04600000, 0x04a4e5d8, 0x04a50000)
  from space 512K,  35% used [0x04a50000, 0x04a7d448, 0x04ad0000)
  to   space 512K,   0% used [0x04ad0000, 0x04ad0000, 0x04b50000)
 tenured generation   total 10944K, used 4654K [0x09b50000, 0x0a600000, 0x14600000)
   the space 10944K,  42% used [0x09b50000, 0x09fdbad0, 0x09fdbc00, 0x0a600000)
 Metaspace       used 3410K, capacity 3591K, committed 3648K, reserved 4480K
Event: 14.319 GC heap after
Heap after GC invocations=7 (full 0):
 def new generation   total 4928K, used 362K [0x04600000, 0x04b50000, 0x09b50000)
  eden space 4416K,   0% used [0x04600000, 0x04600000, 0x04a50000)
  from space 512K,  70% used [0x04ad0000, 0x04b2a988, 0x04b50000)
  to   space 512K,   0% used [0x04a50000, 0x04a50000, 0x04ad0000)
 tenured generation   total 10944K, used 7005K [0x09b50000, 0x0a600000, 0x14600000)
   the space 10944K,  64% used [0x09b50000, 0x0a227530, 0x0a227600, 0x0a600000)
 Metaspace       used 3410K, capacity 3591K, committed 3648K, reserved 4480K
}

