# JRE version: Java(TM) SE Runtime Environment (8.0_45-b14) (build 1.8.0_45-b14)
# Java VM: Java HotSpot(TM) Client VM (25.45-b02 mixed mode, sharing windows-x86 )
Heap:
 def new generation   total 4928K, used 364K [0x04200000, 0x04750000, 0x09750000)
  eden space 4416K,   3% used [0x04200000, 0x04221cd8, 0x04650000)
  from space 512K,  44% used [0x046d0000, 0x047094b8, 0x04750000)
  to   space 512K,   0% used [0x04650000, 0x04650000, 0x046d0000)
 tenured generation   total 10944K, used 8523K [0x09750000, 0x0a200000, 0x14200000)
   the space 10944K,  77% used [0x09750000, 0x09fa2cf0, 0x09fa2e00, 0x0a200000)
 Metaspace       used 3825K, capacity 4069K, committed 4160K, reserved 4480K
GC Heap History (10 events):
Event: 32.637 GC heap before
{Heap before GC invocations=14 (full 0):
 def new generation   total 4928K, used 4627K [0x04200000, 0x04750000, 0x09750000)
  eden space 4416K,  99% used [0x04200000, 0x0464df50, 0x04650000)
  from space 512K,  42% used [0x04650000, 0x04686f70, 0x046d0000)
  to   space 512K,   0% used [0x046d0000, 0x046d0000, 0x04750000)
 tenured generation   total 10944K, used 8523K [0x09750000, 0x0a200000, 0x14200000)
   the space 10944K,  77% used [0x09750000, 0x09fa2cf0, 0x09fa2e00, 0x0a200000)
 Metaspace       used 3817K, capacity 4069K, committed 4160K, reserved 4480K
Event: 32.640 GC heap after
Heap after GC invocations=15 (full 0):
 def new generation   total 4928K, used 223K [0x04200000, 0x04750000, 0x09750000)
  eden space 4416K,   0% used [0x04200000, 0x04200000, 0x04650000)
  from space 512K,  43% used [0x046d0000, 0x04707e78, 0x04750000)
  to   space 512K,   0% used [0x04650000, 0x04650000, 0x046d0000)
 tenured generation   total 10944K, used 8523K [0x09750000, 0x0a200000, 0x14200000)
   the space 10944K,  77% used [0x09750000, 0x09fa2cf0, 0x09fa2e00, 0x0a200000)
 Metaspace       used 3817K, capacity 4069K, committed 4160K, reserved 4480K
}
Event: 34.611 GC heap before
{Heap before GC invocations=15 (full 0):
 def new generation   total 4928K, used 4639K [0x04200000, 0x04750000, 0x09750000)
  eden space 4416K, 100% used [0x04200000, 0x04650000, 0x04650000)
  from space 512K,  43% used [0x046d0000, 0x04707e78, 0x04750000)
  to   space 512K,   0% used [0x04650000, 0x04650000, 0x046d0000)
 tenured generation   total 10944K, used 8523K [0x09750000, 0x0a200000, 0x14200000)
   the space 10944K,  77% used [0x09750000, 0x09fa2cf0, 0x09fa2e00, 0x0a200000)
 Metaspace       used 3824K, capacity 4069K, committed 4160K, reserved 4480K
Event: 34.614 GC heap after
Heap after GC invocations=16 (full 0):
 def new generation   total 4928K, used 237K [0x04200000, 0x04750000, 0x09750000)
  eden space 4416K,   0% used [0x04200000, 0x04200000, 0x04650000)
  from space 512K,  46% used [0x04650000, 0x0468b770, 0x046d0000)
  to   space 512K,   0% used [0x046d0000, 0x046d0000, 0x04750000)
 tenured generation   total 10944K, used 8523K [0x09750000, 0x0a200000, 0x14200000)
   the space 10944K,  77% used [0x09750000, 0x09fa2cf0, 0x09fa2e00, 0x0a200000)
 Metaspace       used 3824K, capacity 4069K, committed 4160K, reserved 4480K
}
Event: 36.904 GC heap before
{Heap before GC invocations=16 (full 0):
 def new generation   total 4928K, used 4653K [0x04200000, 0x04750000, 0x09750000)
  eden space 4416K, 100% used [0x04200000, 0x04650000, 0x04650000)
  from space 512K,  46% used [0x04650000, 0x0468b770, 0x046d0000)
  to   space 512K,   0% used [0x046d0000, 0x046d0000, 0x04750000)
 tenured generation   total 10944K, used 8523K [0x09750000, 0x0a200000, 0x14200000)
   the space 10944K,  77% used [0x09750000, 0x09fa2cf0, 0x09fa2e00, 0x0a200000)
 Metaspace       used 3825K, capacity 4069K, committed 4160K, reserved 4480K
Event: 36.909 GC heap after
Heap after GC invocations=17 (full 0):
 def new generation   total 4928K, used 224K [0x04200000, 0x04750000, 0x09750000)
  eden space 4416K,   0% used [0x04200000, 0x04200000, 0x04650000)
  from space 512K,  43% used [0x046d0000, 0x047081f8, 0x04750000)
  to   space 512K,   0% used [0x04650000, 0x04650000, 0x046d0000)
 tenured generation   total 10944K, used 8523K [0x09750000, 0x0a200000, 0x14200000)
   the space 10944K,  77% used [0x09750000, 0x09fa2cf0, 0x09fa2e00, 0x0a200000)
 Metaspace       used 3825K, capacity 4069K, committed 4160K, reserved 4480K
}
Event: 37.570 GC heap before
{Heap before GC invocations=17 (full 0):
 def new generation   total 4928K, used 4640K [0x04200000, 0x04750000, 0x09750000)
  eden space 4416K, 100% used [0x04200000, 0x04650000, 0x04650000)
  from space 512K,  43% used [0x046d0000, 0x047081f8, 0x04750000)
  to   space 512K,   0% used [0x04650000, 0x04650000, 0x046d0000)
 tenured generation   total 10944K, used 8523K [0x09750000, 0x0a200000, 0x14200000)
   the space 10944K,  77% used [0x09750000, 0x09fa2cf0, 0x09fa2e00, 0x0a200000)
 Metaspace       used 3825K, capacity 4069K, committed 4160K, reserved 4480K
Event: 37.577 GC heap after
Heap after GC invocations=18 (full 0):
 def new generation   total 4928K, used 229K [0x04200000, 0x04750000, 0x09750000)
  eden space 4416K,   0% used [0x04200000, 0x04200000, 0x04650000)
  from space 512K,  44% used [0x04650000, 0x046895d8, 0x046d0000)
  to   space 512K,   0% used [0x046d0000, 0x046d0000, 0x04750000)
 tenured generation   total 10944K, used 8523K [0x09750000, 0x0a200000, 0x14200000)
   the space 10944K,  77% used [0x09750000, 0x09fa2cf0, 0x09fa2e00, 0x0a200000)
 Metaspace       used 3825K, capacity 4069K, committed 4160K, reserved 4480K
}
Event: 40.224 GC heap before
{Heap before GC invocations=18 (full 0):
 def new generation   total 4928K, used 4645K [0x04200000, 0x04750000, 0x09750000)
  eden space 4416K, 100% used [0x04200000, 0x04650000, 0x04650000)
  from space 512K,  44% used [0x04650000, 0x046895d8, 0x046d0000)
  to   space 512K,   0% used [0x046d0000, 0x046d0000, 0x04750000)
 tenured generation   total 10944K, used 8523K [0x09750000, 0x0a200000, 0x14200000)
   the space 10944K,  77% used [0x09750000, 0x09fa2cf0, 0x09fa2e00, 0x0a200000)
 Metaspace       used 3825K, capacity 4069K, committed 4160K, reserved 4480K
Event: 40.228 GC heap after
Heap after GC invocations=19 (full 0):
 def new generation   total 4928K, used 229K [0x04200000, 0x04750000, 0x09750000)
  eden space 4416K,   0% used [0x04200000, 0x04200000, 0x04650000)
  from space 512K,  44% used [0x046d0000, 0x047094b8, 0x04750000)
  to   space 512K,   0% used [0x04650000, 0x04650000, 0x046d0000)
 tenured generation   total 10944K, used 8523K [0x09750000, 0x0a200000, 0x14200000)
   the space 10944K,  77% used [0x09750000, 0x09fa2cf0, 0x09fa2e00, 0x0a200000)
 Metaspace       used 3825K, capacity 4069K, committed 4160K, reserved 4480K
}

