# JRE version: Java(TM) SE Runtime Environment (8.0_45-b14) (build 1.8.0_45-b14)
# Java VM: Java HotSpot(TM) Client VM (25.45-b02 mixed mode windows-x86 )
Heap:
 def new generation   total 5952K, used 3631K [0x04a00000, 0x05070000, 0x09f50000)
  eden space 5312K,  65% used [0x04a00000, 0x04d6bea0, 0x04f30000)
  from space 640K,  22% used [0x04f30000, 0x04f53df8, 0x04fd0000)
  to   space 640K,   0% used [0x04fd0000, 0x04fd0000, 0x05070000)
 tenured generation   total 13048K, used 12960K [0x09f50000, 0x0ac0e000, 0x14a00000)
   the space 13048K,  99% used [0x09f50000, 0x0abf8330, 0x0abf8400, 0x0ac0e000)
 Metaspace       used 11411K, capacity 11626K, committed 11776K, reserved 12672K
GC Heap History (10 events):
Event: 162.904 GC heap before
{Heap before GC invocations=39 (full 2):
 def new generation   total 5952K, used 5403K [0x04a00000, 0x05070000, 0x09f50000)
  eden space 5312K, 100% used [0x04a00000, 0x04f30000, 0x04f30000)
  from space 640K,  14% used [0x04fd0000, 0x04fe6f48, 0x05070000)
  to   space 640K,   0% used [0x04f30000, 0x04f30000, 0x04fd0000)
 tenured generation   total 13048K, used 12960K [0x09f50000, 0x0ac0e000, 0x14a00000)
   the space 13048K,  99% used [0x09f50000, 0x0abf8330, 0x0abf8400, 0x0ac0e000)
 Metaspace       used 11409K, capacity 11626K, committed 11776K, reserved 12672K
Event: 162.908 GC heap after
Heap after GC invocations=40 (full 2):
 def new generation   total 5952K, used 88K [0x04a00000, 0x05070000, 0x09f50000)
  eden space 5312K,   0% used [0x04a00000, 0x04a00000, 0x04f30000)
  from space 640K,  13% used [0x04f30000, 0x04f463d0, 0x04fd0000)
  to   space 640K,   0% used [0x04fd0000, 0x04fd0000, 0x05070000)
 tenured generation   total 13048K, used 12960K [0x09f50000, 0x0ac0e000, 0x14a00000)
   the space 13048K,  99% used [0x09f50000, 0x0abf8330, 0x0abf8400, 0x0ac0e000)
 Metaspace       used 11409K, capacity 11626K, committed 11776K, reserved 12672K
}
Event: 164.949 GC heap before
{Heap before GC invocations=40 (full 2):
 def new generation   total 5952K, used 5400K [0x04a00000, 0x05070000, 0x09f50000)
  eden space 5312K, 100% used [0x04a00000, 0x04f30000, 0x04f30000)
  from space 640K,  13% used [0x04f30000, 0x04f463d0, 0x04fd0000)
  to   space 640K,   0% used [0x04fd0000, 0x04fd0000, 0x05070000)
 tenured generation   total 13048K, used 12960K [0x09f50000, 0x0ac0e000, 0x14a00000)
   the space 13048K,  99% used [0x09f50000, 0x0abf8330, 0x0abf8400, 0x0ac0e000)
 Metaspace       used 11409K, capacity 11626K, committed 11776K, reserved 12672K
Event: 164.953 GC heap after
Heap after GC invocations=41 (full 2):
 def new generation   total 5952K, used 115K [0x04a00000, 0x05070000, 0x09f50000)
  eden space 5312K,   0% used [0x04a00000, 0x04a00000, 0x04f30000)
  from space 640K,  18% used [0x04fd0000, 0x04fecd28, 0x05070000)
  to   space 640K,   0% used [0x04f30000, 0x04f30000, 0x04fd0000)
 tenured generation   total 13048K, used 12960K [0x09f50000, 0x0ac0e000, 0x14a00000)
   the space 13048K,  99% used [0x09f50000, 0x0abf8330, 0x0abf8400, 0x0ac0e000)
 Metaspace       used 11409K, capacity 11626K, committed 11776K, reserved 12672K
}
Event: 168.013 GC heap before
{Heap before GC invocations=41 (full 2):
 def new generation   total 5952K, used 5427K [0x04a00000, 0x05070000, 0x09f50000)
  eden space 5312K, 100% used [0x04a00000, 0x04f30000, 0x04f30000)
  from space 640K,  18% used [0x04fd0000, 0x04fecd28, 0x05070000)
  to   space 640K,   0% used [0x04f30000, 0x04f30000, 0x04fd0000)
 tenured generation   total 13048K, used 12960K [0x09f50000, 0x0ac0e000, 0x14a00000)
   the space 13048K,  99% used [0x09f50000, 0x0abf8330, 0x0abf8400, 0x0ac0e000)
 Metaspace       used 11410K, capacity 11626K, committed 11776K, reserved 12672K
Event: 168.018 GC heap after
Heap after GC invocations=42 (full 2):
 def new generation   total 5952K, used 151K [0x04a00000, 0x05070000, 0x09f50000)
  eden space 5312K,   0% used [0x04a00000, 0x04a00000, 0x04f30000)
  from space 640K,  23% used [0x04f30000, 0x04f55e30, 0x04fd0000)
  to   space 640K,   0% used [0x04fd0000, 0x04fd0000, 0x05070000)
 tenured generation   total 13048K, used 12960K [0x09f50000, 0x0ac0e000, 0x14a00000)
   the space 13048K,  99% used [0x09f50000, 0x0abf8330, 0x0abf8400, 0x0ac0e000)
 Metaspace       used 11410K, capacity 11626K, committed 11776K, reserved 12672K
}
Event: 172.154 GC heap before
{Heap before GC invocations=42 (full 2):
 def new generation   total 5952K, used 5463K [0x04a00000, 0x05070000, 0x09f50000)
  eden space 5312K, 100% used [0x04a00000, 0x04f30000, 0x04f30000)
  from space 640K,  23% used [0x04f30000, 0x04f55e30, 0x04fd0000)
  to   space 640K,   0% used [0x04fd0000, 0x04fd0000, 0x05070000)
 tenured generation   total 13048K, used 12960K [0x09f50000, 0x0ac0e000, 0x14a00000)
   the space 13048K,  99% used [0x09f50000, 0x0abf8330, 0x0abf8400, 0x0ac0e000)
 Metaspace       used 11410K, capacity 11626K, committed 11776K, reserved 12672K
Event: 172.156 GC heap after
Heap after GC invocations=43 (full 2):
 def new generation   total 5952K, used 176K [0x04a00000, 0x05070000, 0x09f50000)
  eden space 5312K,   0% used [0x04a00000, 0x04a00000, 0x04f30000)
  from space 640K,  27% used [0x04fd0000, 0x04ffc078, 0x05070000)
  to   space 640K,   0% used [0x04f30000, 0x04f30000, 0x04fd0000)
 tenured generation   total 13048K, used 12960K [0x09f50000, 0x0ac0e000, 0x14a00000)
   the space 13048K,  99% used [0x09f50000, 0x0abf8330, 0x0abf8400, 0x0ac0e000)
 Metaspace       used 11410K, capacity 11626K, committed 11776K, reserved 12672K
}
Event: 173.890 GC heap before
{Heap before GC invocations=43 (full 2):
 def new generation   total 5952K, used 5488K [0x04a00000, 0x05070000, 0x09f50000)
  eden space 5312K, 100% used [0x04a00000, 0x04f30000, 0x04f30000)
  from space 640K,  27% used [0x04fd0000, 0x04ffc078, 0x05070000)
  to   space 640K,   0% used [0x04f30000, 0x04f30000, 0x04fd0000)
 tenured generation   total 13048K, used 12960K [0x09f50000, 0x0ac0e000, 0x14a00000)
   the space 13048K,  99% used [0x09f50000, 0x0abf8330, 0x0abf8400, 0x0ac0e000)
 Metaspace       used 11410K, capacity 11626K, committed 11776K, reserved 12672K
Event: 173.894 GC heap after
Heap after GC invocations=44 (full 2):
 def new generation   total 5952K, used 143K [0x04a00000, 0x05070000, 0x09f50000)
  eden space 5312K,   0% used [0x04a00000, 0x04a00000, 0x04f30000)
  from space 640K,  22% used [0x04f30000, 0x04f53df8, 0x04fd0000)
  to   space 640K,   0% used [0x04fd0000, 0x04fd0000, 0x05070000)
 tenured generation   total 13048K, used 12960K [0x09f50000, 0x0ac0e000, 0x14a00000)
   the space 13048K,  99% used [0x09f50000, 0x0abf8330, 0x0abf8400, 0x0ac0e000)
 Metaspace       used 11410K, capacity 11626K, committed 11776K, reserved 12672K
}

