# JRE version: Java(TM) SE Runtime Environment (8.0_45-b14) (build 1.8.0_45-b14)
# Java VM: Java HotSpot(TM) Client VM (25.45-b02 mixed mode windows-x86 )
Heap:
 def new generation   total 4928K, used 4585K [0x04c00000, 0x05150000, 0x0a150000)
  eden space 4416K, 100% used [0x04c00000, 0x05050000, 0x05050000)
  from space 512K,  33% used [0x05050000, 0x0507a628, 0x050d0000)
  to   space 512K,  11% used [0x050d0000, 0x050debd8, 0x05150000)
 tenured generation   total 10944K, used 4653K [0x0a150000, 0x0ac00000, 0x14c00000)
   the space 10944K,  42% used [0x0a150000, 0x0a5db5f8, 0x0a5db600, 0x0ac00000)
 Metaspace       used 10891K, capacity 11074K, committed 11264K, reserved 11648K
GC Heap History (10 events):
Event: 1.439 GC heap before
{Heap before GC invocations=1 (full 0):
 def new generation   total 4928K, used 4928K [0x04c00000, 0x05150000, 0x0a150000)
  eden space 4416K, 100% used [0x04c00000, 0x05050000, 0x05050000)
  from space 512K, 100% used [0x050d0000, 0x05150000, 0x05150000)
  to   space 512K,   0% used [0x05050000, 0x05050000, 0x050d0000)
 tenured generation   total 10944K, used 1035K [0x0a150000, 0x0ac00000, 0x14c00000)
   the space 10944K,   9% used [0x0a150000, 0x0a252d58, 0x0a252e00, 0x0ac00000)
 Metaspace       used 9195K, capacity 9390K, committed 9600K, reserved 9600K
Event: 1.451 GC heap after
Heap after GC invocations=2 (full 0):
 def new generation   total 4928K, used 512K [0x04c00000, 0x05150000, 0x0a150000)
  eden space 4416K,   0% used [0x04c00000, 0x04c00000, 0x05050000)
  from space 512K, 100% used [0x05050000, 0x050d0000, 0x050d0000)
  to   space 512K,   0% used [0x050d0000, 0x050d0000, 0x05150000)
 tenured generation   total 10944K, used 2484K [0x0a150000, 0x0ac00000, 0x14c00000)
   the space 10944K,  22% used [0x0a150000, 0x0a3bd2b0, 0x0a3bd400, 0x0ac00000)
 Metaspace       used 9195K, capacity 9390K, committed 9600K, reserved 9600K
}
Event: 1.803 GC heap before
{Heap before GC invocations=2 (full 0):
 def new generation   total 4928K, used 4928K [0x04c00000, 0x05150000, 0x0a150000)
  eden space 4416K, 100% used [0x04c00000, 0x05050000, 0x05050000)
  from space 512K, 100% used [0x05050000, 0x050d0000, 0x050d0000)
  to   space 512K,   0% used [0x050d0000, 0x050d0000, 0x05150000)
 tenured generation   total 10944K, used 2484K [0x0a150000, 0x0ac00000, 0x14c00000)
   the space 10944K,  22% used [0x0a150000, 0x0a3bd2b0, 0x0a3bd400, 0x0ac00000)
 Metaspace       used 9753K, capacity 9966K, committed 10112K, reserved 10624K
Event: 1.808 GC heap after
Heap after GC invocations=3 (full 0):
 def new generation   total 4928K, used 458K [0x04c00000, 0x05150000, 0x0a150000)
  eden space 4416K,   0% used [0x04c00000, 0x04c00000, 0x05050000)
  from space 512K,  89% used [0x050d0000, 0x05142898, 0x05150000)
  to   space 512K,   0% used [0x05050000, 0x05050000, 0x050d0000)
 tenured generation   total 10944K, used 2983K [0x0a150000, 0x0ac00000, 0x14c00000)
   the space 10944K,  27% used [0x0a150000, 0x0a439ec0, 0x0a43a000, 0x0ac00000)
 Metaspace       used 9753K, capacity 9966K, committed 10112K, reserved 10624K
}
Event: 1.851 GC heap before
{Heap before GC invocations=3 (full 0):
 def new generation   total 4928K, used 4874K [0x04c00000, 0x05150000, 0x0a150000)
  eden space 4416K, 100% used [0x04c00000, 0x05050000, 0x05050000)
  from space 512K,  89% used [0x050d0000, 0x05142898, 0x05150000)
  to   space 512K,   0% used [0x05050000, 0x05050000, 0x050d0000)
 tenured generation   total 10944K, used 2983K [0x0a150000, 0x0ac00000, 0x14c00000)
   the space 10944K,  27% used [0x0a150000, 0x0a439ec0, 0x0a43a000, 0x0ac00000)
 Metaspace       used 9935K, capacity 10126K, committed 10240K, reserved 10624K
Event: 1.854 GC heap after
Heap after GC invocations=4 (full 0):
 def new generation   total 4928K, used 208K [0x04c00000, 0x05150000, 0x0a150000)
  eden space 4416K,   0% used [0x04c00000, 0x04c00000, 0x05050000)
  from space 512K,  40% used [0x05050000, 0x05084180, 0x050d0000)
  to   space 512K,   0% used [0x050d0000, 0x050d0000, 0x05150000)
 tenured generation   total 10944K, used 3229K [0x0a150000, 0x0ac00000, 0x14c00000)
   the space 10944K,  29% used [0x0a150000, 0x0a477410, 0x0a477600, 0x0ac00000)
 Metaspace       used 9935K, capacity 10126K, committed 10240K, reserved 10624K
}
Event: 2.084 GC heap before
{Heap before GC invocations=4 (full 0):
 def new generation   total 4928K, used 4301K [0x04c00000, 0x05150000, 0x0a150000)
  eden space 4416K,  92% used [0x04c00000, 0x04fff4c8, 0x05050000)
  from space 512K,  40% used [0x05050000, 0x05084180, 0x050d0000)
  to   space 512K,   0% used [0x050d0000, 0x050d0000, 0x05150000)
 tenured generation   total 10944K, used 3229K [0x0a150000, 0x0ac00000, 0x14c00000)
   the space 10944K,  29% used [0x0a150000, 0x0a477410, 0x0a477600, 0x0ac00000)
 Metaspace       used 10389K, capacity 10576K, committed 10752K, reserved 11648K
Event: 2.087 GC heap after
Heap after GC invocations=5 (full 0):
 def new generation   total 4928K, used 511K [0x04c00000, 0x05150000, 0x0a150000)
  eden space 4416K,   0% used [0x04c00000, 0x04c00000, 0x05050000)
  from space 512K,  99% used [0x050d0000, 0x0514ffe8, 0x05150000)
  to   space 512K,   0% used [0x05050000, 0x05050000, 0x050d0000)
 tenured generation   total 10944K, used 3229K [0x0a150000, 0x0ac00000, 0x14c00000)
   the space 10944K,  29% used [0x0a150000, 0x0a477510, 0x0a477600, 0x0ac00000)
 Metaspace       used 10389K, capacity 10576K, committed 10752K, reserved 11648K
}
Event: 14.428 GC heap before
{Heap before GC invocations=5 (full 0):
 def new generation   total 4928K, used 3691K [0x04c00000, 0x05150000, 0x0a150000)
  eden space 4416K,  72% used [0x04c00000, 0x04f1af08, 0x05050000)
  from space 512K,  99% used [0x050d0000, 0x0514ffe8, 0x05150000)
  to   space 512K,   0% used [0x05050000, 0x05050000, 0x050d0000)
 tenured generation   total 10944K, used 3229K [0x0a150000, 0x0ac00000, 0x14c00000)
   the space 10944K,  29% used [0x0a150000, 0x0a477510, 0x0a477600, 0x0ac00000)
 Metaspace       used 10825K, capacity 11037K, committed 11264K, reserved 11648K
Event: 14.439 GC heap after
Heap after GC invocations=6 (full 0):
 def new generation   total 4928K, used 169K [0x04c00000, 0x05150000, 0x0a150000)
  eden space 4416K,   0% used [0x04c00000, 0x04c00000, 0x05050000)
  from space 512K,  33% used [0x05050000, 0x0507a628, 0x050d0000)
  to   space 512K,   0% used [0x050d0000, 0x050d0000, 0x05150000)
 tenured generation   total 10944K, used 4653K [0x0a150000, 0x0ac00000, 0x14c00000)
   the space 10944K,  42% used [0x0a150000, 0x0a5db5f8, 0x0a5db600, 0x0ac00000)
 Metaspace       used 10825K, capacity 11037K, committed 11264K, reserved 11648K
}

