# JRE version: Java(TM) SE Runtime Environment (8.0_45-b14) (build 1.8.0_45-b14)
# Java VM: Java HotSpot(TM) Client VM (25.45-b02 mixed mode, sharing windows-x86 )
Heap:
 def new generation   total 4928K, used 2067K [0x04600000, 0x04b50000, 0x09b50000)
  eden space 4416K,  42% used [0x04600000, 0x047d7f00, 0x04a50000)
  from space 512K,  35% used [0x04ad0000, 0x04afcd90, 0x04b50000)
  to   space 512K,   0% used [0x04a50000, 0x04a50000, 0x04ad0000)
 tenured generation   total 10944K, used 9139K [0x09b50000, 0x0a600000, 0x14600000)
   the space 10944K,  83% used [0x09b50000, 0x0a43ccf8, 0x0a43ce00, 0x0a600000)
 Metaspace       used 3823K, capacity 4069K, committed 4160K, reserved 4480K
GC Heap History (10 events):
Event: 53.197 GC heap before
{Heap before GC invocations=24 (full 0):
 def new generation   total 4928K, used 4584K [0x04600000, 0x04b50000, 0x09b50000)
  eden space 4416K, 100% used [0x04600000, 0x04a50000, 0x04a50000)
  from space 512K,  32% used [0x04a50000, 0x04a7a108, 0x04ad0000)
  to   space 512K,   0% used [0x04ad0000, 0x04ad0000, 0x04b50000)
 tenured generation   total 10944K, used 9055K [0x09b50000, 0x0a600000, 0x14600000)
   the space 10944K,  82% used [0x09b50000, 0x0a427e10, 0x0a428000, 0x0a600000)
 Metaspace       used 3814K, capacity 4037K, committed 4160K, reserved 4480K
Event: 53.202 GC heap after
Heap after GC invocations=25 (full 0):
 def new generation   total 4928K, used 168K [0x04600000, 0x04b50000, 0x09b50000)
  eden space 4416K,   0% used [0x04600000, 0x04600000, 0x04a50000)
  from space 512K,  32% used [0x04ad0000, 0x04afa080, 0x04b50000)
  to   space 512K,   0% used [0x04a50000, 0x04a50000, 0x04ad0000)
 tenured generation   total 10944K, used 9055K [0x09b50000, 0x0a600000, 0x14600000)
   the space 10944K,  82% used [0x09b50000, 0x0a427e10, 0x0a428000, 0x0a600000)
 Metaspace       used 3814K, capacity 4037K, committed 4160K, reserved 4480K
}
Event: 54.454 GC heap before
{Heap before GC invocations=25 (full 0):
 def new generation   total 4928K, used 4584K [0x04600000, 0x04b50000, 0x09b50000)
  eden space 4416K, 100% used [0x04600000, 0x04a50000, 0x04a50000)
  from space 512K,  32% used [0x04ad0000, 0x04afa080, 0x04b50000)
  to   space 512K,   0% used [0x04a50000, 0x04a50000, 0x04ad0000)
 tenured generation   total 10944K, used 9055K [0x09b50000, 0x0a600000, 0x14600000)
   the space 10944K,  82% used [0x09b50000, 0x0a427e10, 0x0a428000, 0x0a600000)
 Metaspace       used 3821K, capacity 4069K, committed 4160K, reserved 4480K
Event: 54.462 GC heap after
Heap after GC invocations=26 (full 0):
 def new generation   total 4928K, used 203K [0x04600000, 0x04b50000, 0x09b50000)
  eden space 4416K,   0% used [0x04600000, 0x04600000, 0x04a50000)
  from space 512K,  39% used [0x04a50000, 0x04a82fb0, 0x04ad0000)
  to   space 512K,   0% used [0x04ad0000, 0x04ad0000, 0x04b50000)
 tenured generation   total 10944K, used 9055K [0x09b50000, 0x0a600000, 0x14600000)
   the space 10944K,  82% used [0x09b50000, 0x0a427e10, 0x0a428000, 0x0a600000)
 Metaspace       used 3821K, capacity 4069K, committed 4160K, reserved 4480K
}
Event: 57.007 GC heap before
{Heap before GC invocations=26 (full 0):
 def new generation   total 4928K, used 4619K [0x04600000, 0x04b50000, 0x09b50000)
  eden space 4416K, 100% used [0x04600000, 0x04a50000, 0x04a50000)
  from space 512K,  39% used [0x04a50000, 0x04a82fb0, 0x04ad0000)
  to   space 512K,   0% used [0x04ad0000, 0x04ad0000, 0x04b50000)
 tenured generation   total 10944K, used 9055K [0x09b50000, 0x0a600000, 0x14600000)
   the space 10944K,  82% used [0x09b50000, 0x0a427e10, 0x0a428000, 0x0a600000)
 Metaspace       used 3821K, capacity 4069K, committed 4160K, reserved 4480K
Event: 57.010 GC heap after
Heap after GC invocations=27 (full 0):
 def new generation   total 4928K, used 191K [0x04600000, 0x04b50000, 0x09b50000)
  eden space 4416K,   0% used [0x04600000, 0x04600000, 0x04a50000)
  from space 512K,  37% used [0x04ad0000, 0x04afff28, 0x04b50000)
  to   space 512K,   0% used [0x04a50000, 0x04a50000, 0x04ad0000)
 tenured generation   total 10944K, used 9113K [0x09b50000, 0x0a600000, 0x14600000)
   the space 10944K,  83% used [0x09b50000, 0x0a436638, 0x0a436800, 0x0a600000)
 Metaspace       used 3821K, capacity 4069K, committed 4160K, reserved 4480K
}
Event: 60.092 GC heap before
{Heap before GC invocations=27 (full 0):
 def new generation   total 4928K, used 4607K [0x04600000, 0x04b50000, 0x09b50000)
  eden space 4416K, 100% used [0x04600000, 0x04a50000, 0x04a50000)
  from space 512K,  37% used [0x04ad0000, 0x04afff28, 0x04b50000)
  to   space 512K,   0% used [0x04a50000, 0x04a50000, 0x04ad0000)
 tenured generation   total 10944K, used 9113K [0x09b50000, 0x0a600000, 0x14600000)
   the space 10944K,  83% used [0x09b50000, 0x0a436638, 0x0a436800, 0x0a600000)
 Metaspace       used 3821K, capacity 4069K, committed 4160K, reserved 4480K
Event: 60.097 GC heap after
Heap after GC invocations=28 (full 0):
 def new generation   total 4928K, used 174K [0x04600000, 0x04b50000, 0x09b50000)
  eden space 4416K,   0% used [0x04600000, 0x04600000, 0x04a50000)
  from space 512K,  34% used [0x04a50000, 0x04a7b888, 0x04ad0000)
  to   space 512K,   0% used [0x04ad0000, 0x04ad0000, 0x04b50000)
 tenured generation   total 10944K, used 9131K [0x09b50000, 0x0a600000, 0x14600000)
   the space 10944K,  83% used [0x09b50000, 0x0a43acb0, 0x0a43ae00, 0x0a600000)
 Metaspace       used 3821K, capacity 4069K, committed 4160K, reserved 4480K
}
Event: 63.669 GC heap before
{Heap before GC invocations=28 (full 0):
 def new generation   total 4928K, used 4590K [0x04600000, 0x04b50000, 0x09b50000)
  eden space 4416K, 100% used [0x04600000, 0x04a50000, 0x04a50000)
  from space 512K,  34% used [0x04a50000, 0x04a7b888, 0x04ad0000)
  to   space 512K,   0% used [0x04ad0000, 0x04ad0000, 0x04b50000)
 tenured generation   total 10944K, used 9131K [0x09b50000, 0x0a600000, 0x14600000)
   the space 10944K,  83% used [0x09b50000, 0x0a43acb0, 0x0a43ae00, 0x0a600000)
 Metaspace       used 3821K, capacity 4069K, committed 4160K, reserved 4480K
Event: 63.675 GC heap after
Heap after GC invocations=29 (full 0):
 def new generation   total 4928K, used 179K [0x04600000, 0x04b50000, 0x09b50000)
  eden space 4416K,   0% used [0x04600000, 0x04600000, 0x04a50000)
  from space 512K,  35% used [0x04ad0000, 0x04afcd90, 0x04b50000)
  to   space 512K,   0% used [0x04a50000, 0x04a50000, 0x04ad0000)
 tenured generation   total 10944K, used 9139K [0x09b50000, 0x0a600000, 0x14600000)
   the space 10944K,  83% used [0x09b50000, 0x0a43ccf8, 0x0a43ce00, 0x0a600000)
 Metaspace       used 3821K, capacity 4069K, committed 4160K, reserved 4480K
}

