# JRE version: Java(TM) SE Runtime Environment (8.0_45-b14) (build 1.8.0_45-b14)
# Java VM: Java HotSpot(TM) Client VM (25.45-b02 mixed mode, sharing windows-x86 )
Heap:
 def new generation   total 6272K, used 697K [0x04000000, 0x046c0000, 0x09550000)
  eden space 5632K,   2% used [0x04000000, 0x04026e48, 0x04580000)
  from space 640K,  84% used [0x04620000, 0x046a7688, 0x046c0000)
  to   space 640K,   0% used [0x04580000, 0x04580000, 0x04620000)
 tenured generation   total 13468K, used 12177K [0x09550000, 0x0a277000, 0x14000000)
   the space 13468K,  90% used [0x09550000, 0x0a134500, 0x0a134600, 0x0a277000)
 Metaspace       used 3857K, capacity 4092K, committed 4160K, reserved 4480K
GC Heap History (10 events):
Event: 386.682 GC heap before
{Heap before GC invocations=96 (full 0):
 def new generation   total 4928K, used 1979K [0x04000000, 0x04550000, 0x09550000)
  eden space 4416K,  41% used [0x04000000, 0x041c5a38, 0x04450000)
  from space 512K,  32% used [0x04450000, 0x044791e0, 0x044d0000)
  to   space 512K,   0% used [0x044d0000, 0x044d0000, 0x04550000)
 tenured generation   total 10944K, used 8395K [0x09550000, 0x0a000000, 0x14000000)
   the space 10944K,  76% used [0x09550000, 0x09d82cf0, 0x09d82e00, 0x0a000000)
 Metaspace       used 3842K, capacity 4093K, committed 4160K, reserved 4480K
Event: 386.685 GC heap after
Heap after GC invocations=97 (full 0):
 def new generation   total 4928K, used 199K [0x04000000, 0x04550000, 0x09550000)
  eden space 4416K,   0% used [0x04000000, 0x04000000, 0x04450000)
  from space 512K,  38% used [0x044d0000, 0x04501e38, 0x04550000)
  to   space 512K,   0% used [0x04450000, 0x04450000, 0x044d0000)
 tenured generation   total 10944K, used 8395K [0x09550000, 0x0a000000, 0x14000000)
   the space 10944K,  76% used [0x09550000, 0x09d82cf0, 0x09d82e00, 0x0a000000)
 Metaspace       used 3842K, capacity 4093K, committed 4160K, reserved 4480K
}
Event: 386.703 GC heap before
{Heap before GC invocations=97 (full 0):
 def new generation   total 4928K, used 4071K [0x04000000, 0x04550000, 0x09550000)
  eden space 4416K,  87% used [0x04000000, 0x043c8158, 0x04450000)
  from space 512K,  38% used [0x044d0000, 0x04501e38, 0x04550000)
  to   space 512K,   0% used [0x04450000, 0x04450000, 0x044d0000)
 tenured generation   total 10944K, used 8395K [0x09550000, 0x0a000000, 0x14000000)
   the space 10944K,  76% used [0x09550000, 0x09d82cf0, 0x09d82e00, 0x0a000000)
 Metaspace       used 3842K, capacity 4093K, committed 4160K, reserved 4480K
Event: 386.760 GC heap after
Heap after GC invocations=98 (full 1):
 def new generation   total 6272K, used 0K [0x04000000, 0x046c0000, 0x09550000)
  eden space 5632K,   0% used [0x04000000, 0x04000000, 0x04580000)
  from space 640K,   0% used [0x04580000, 0x04580000, 0x04620000)
  to   space 640K,   0% used [0x04620000, 0x04620000, 0x046c0000)
 tenured generation   total 13468K, used 8079K [0x09550000, 0x0a277000, 0x14000000)
   the space 13468K,  59% used [0x09550000, 0x09d33cf0, 0x09d33e00, 0x0a277000)
 Metaspace       used 3813K, capacity 4048K, committed 4160K, reserved 4480K
}
Event: 388.479 GC heap before
{Heap before GC invocations=98 (full 1):
 def new generation   total 6272K, used 5632K [0x04000000, 0x046c0000, 0x09550000)
  eden space 5632K, 100% used [0x04000000, 0x04580000, 0x04580000)
  from space 640K,   0% used [0x04580000, 0x04580000, 0x04620000)
  to   space 640K,   0% used [0x04620000, 0x04620000, 0x046c0000)
 tenured generation   total 13468K, used 8079K [0x09550000, 0x0a277000, 0x14000000)
   the space 13468K,  59% used [0x09550000, 0x09d33cf0, 0x09d33e00, 0x0a277000)
 Metaspace       used 3814K, capacity 4048K, committed 4160K, reserved 4480K
Event: 388.485 GC heap after
Heap after GC invocations=99 (full 1):
 def new generation   total 6272K, used 33K [0x04000000, 0x046c0000, 0x09550000)
  eden space 5632K,   0% used [0x04000000, 0x04000000, 0x04580000)
  from space 640K,   5% used [0x04620000, 0x04628748, 0x046c0000)
  to   space 640K,   0% used [0x04580000, 0x04580000, 0x04620000)
 tenured generation   total 13468K, used 12177K [0x09550000, 0x0a277000, 0x14000000)
   the space 13468K,  90% used [0x09550000, 0x0a134500, 0x0a134600, 0x0a277000)
 Metaspace       used 3814K, capacity 4048K, committed 4160K, reserved 4480K
}
Event: 396.426 GC heap before
{Heap before GC invocations=99 (full 1):
 def new generation   total 6272K, used 5665K [0x04000000, 0x046c0000, 0x09550000)
  eden space 5632K, 100% used [0x04000000, 0x04580000, 0x04580000)
  from space 640K,   5% used [0x04620000, 0x04628748, 0x046c0000)
  to   space 640K,   0% used [0x04580000, 0x04580000, 0x04620000)
 tenured generation   total 13468K, used 12177K [0x09550000, 0x0a277000, 0x14000000)
   the space 13468K,  90% used [0x09550000, 0x0a134500, 0x0a134600, 0x0a277000)
 Metaspace       used 3814K, capacity 4048K, committed 4160K, reserved 4480K
Event: 396.431 GC heap after
Heap after GC invocations=100 (full 1):
 def new generation   total 6272K, used 180K [0x04000000, 0x046c0000, 0x09550000)
  eden space 5632K,   0% used [0x04000000, 0x04000000, 0x04580000)
  from space 640K,  28% used [0x04580000, 0x045ad178, 0x04620000)
  to   space 640K,   0% used [0x04620000, 0x04620000, 0x046c0000)
 tenured generation   total 13468K, used 12177K [0x09550000, 0x0a277000, 0x14000000)
   the space 13468K,  90% used [0x09550000, 0x0a134500, 0x0a134600, 0x0a277000)
 Metaspace       used 3814K, capacity 4048K, committed 4160K, reserved 4480K
}
Event: 524.280 GC heap before
{Heap before GC invocations=100 (full 1):
 def new generation   total 6272K, used 5812K [0x04000000, 0x046c0000, 0x09550000)
  eden space 5632K, 100% used [0x04000000, 0x04580000, 0x04580000)
  from space 640K,  28% used [0x04580000, 0x045ad178, 0x04620000)
  to   space 640K,   0% used [0x04620000, 0x04620000, 0x046c0000)
 tenured generation   total 13468K, used 12177K [0x09550000, 0x0a277000, 0x14000000)
   the space 13468K,  90% used [0x09550000, 0x0a134500, 0x0a134600, 0x0a277000)
 Metaspace       used 3857K, capacity 4092K, committed 4160K, reserved 4480K
Event: 524.287 GC heap after
Heap after GC invocations=101 (full 1):
 def new generation   total 6272K, used 541K [0x04000000, 0x046c0000, 0x09550000)
  eden space 5632K,   0% used [0x04000000, 0x04000000, 0x04580000)
  from space 640K,  84% used [0x04620000, 0x046a7688, 0x046c0000)
  to   space 640K,   0% used [0x04580000, 0x04580000, 0x04620000)
 tenured generation   total 13468K, used 12177K [0x09550000, 0x0a277000, 0x14000000)
   the space 13468K,  90% used [0x09550000, 0x0a134500, 0x0a134600, 0x0a277000)
 Metaspace       used 3857K, capacity 4092K, committed 4160K, reserved 4480K
}

