# JRE version: Java(TM) SE Runtime Environment (8.0_45-b14) (build 1.8.0_45-b14)
# Java VM: Java HotSpot(TM) Client VM (25.45-b02 mixed mode windows-x86 )
Heap:
 def new generation   total 4928K, used 3618K [0x04c00000, 0x05150000, 0x0a150000)
  eden space 4416K,  75% used [0x04c00000, 0x04f3d130, 0x05050000)
  from space 512K,  59% used [0x050d0000, 0x0511b868, 0x05150000)
  to   space 512K,   0% used [0x05050000, 0x05050000, 0x050d0000)
 tenured generation   total 10944K, used 7003K [0x0a150000, 0x0ac00000, 0x14c00000)
   the space 10944K,  63% used [0x0a150000, 0x0a826e48, 0x0a827000, 0x0ac00000)
 Metaspace       used 10895K, capacity 11079K, committed 11264K, reserved 11648K
GC Heap History (10 events):
Event: 1.351 GC heap before
{Heap before GC invocations=1 (full 0):
 def new generation   total 4928K, used 4928K [0x04c00000, 0x05150000, 0x0a150000)
  eden space 4416K, 100% used [0x04c00000, 0x05050000, 0x05050000)
  from space 512K, 100% used [0x050d0000, 0x05150000, 0x05150000)
  to   space 512K,   0% used [0x05050000, 0x05050000, 0x050d0000)
 tenured generation   total 10944K, used 1030K [0x0a150000, 0x0ac00000, 0x14c00000)
   the space 10944K,   9% used [0x0a150000, 0x0a251a90, 0x0a251c00, 0x0ac00000)
 Metaspace       used 9194K, capacity 9390K, committed 9600K, reserved 9600K
Event: 1.362 GC heap after
Heap after GC invocations=2 (full 0):
 def new generation   total 4928K, used 512K [0x04c00000, 0x05150000, 0x0a150000)
  eden space 4416K,   0% used [0x04c00000, 0x04c00000, 0x05050000)
  from space 512K, 100% used [0x05050000, 0x050d0000, 0x050d0000)
  to   space 512K,   0% used [0x050d0000, 0x050d0000, 0x05150000)
 tenured generation   total 10944K, used 2490K [0x0a150000, 0x0ac00000, 0x14c00000)
   the space 10944K,  22% used [0x0a150000, 0x0a3be810, 0x0a3bea00, 0x0ac00000)
 Metaspace       used 9194K, capacity 9390K, committed 9600K, reserved 9600K
}
Event: 1.710 GC heap before
{Heap before GC invocations=2 (full 0):
 def new generation   total 4928K, used 4928K [0x04c00000, 0x05150000, 0x0a150000)
  eden space 4416K, 100% used [0x04c00000, 0x05050000, 0x05050000)
  from space 512K, 100% used [0x05050000, 0x050d0000, 0x050d0000)
  to   space 512K,   0% used [0x050d0000, 0x050d0000, 0x05150000)
 tenured generation   total 10944K, used 2490K [0x0a150000, 0x0ac00000, 0x14c00000)
   the space 10944K,  22% used [0x0a150000, 0x0a3be810, 0x0a3bea00, 0x0ac00000)
 Metaspace       used 9754K, capacity 9966K, committed 10112K, reserved 10624K
Event: 1.714 GC heap after
Heap after GC invocations=3 (full 0):
 def new generation   total 4928K, used 458K [0x04c00000, 0x05150000, 0x0a150000)
  eden space 4416K,   0% used [0x04c00000, 0x04c00000, 0x05050000)
  from space 512K,  89% used [0x050d0000, 0x051429a0, 0x05150000)
  to   space 512K,   0% used [0x05050000, 0x05050000, 0x050d0000)
 tenured generation   total 10944K, used 2983K [0x0a150000, 0x0ac00000, 0x14c00000)
   the space 10944K,  27% used [0x0a150000, 0x0a439c20, 0x0a439e00, 0x0ac00000)
 Metaspace       used 9754K, capacity 9966K, committed 10112K, reserved 10624K
}
Event: 1.758 GC heap before
{Heap before GC invocations=3 (full 0):
 def new generation   total 4928K, used 4874K [0x04c00000, 0x05150000, 0x0a150000)
  eden space 4416K, 100% used [0x04c00000, 0x05050000, 0x05050000)
  from space 512K,  89% used [0x050d0000, 0x051429a0, 0x05150000)
  to   space 512K,   0% used [0x05050000, 0x05050000, 0x050d0000)
 tenured generation   total 10944K, used 2983K [0x0a150000, 0x0ac00000, 0x14c00000)
   the space 10944K,  27% used [0x0a150000, 0x0a439c20, 0x0a439e00, 0x0ac00000)
 Metaspace       used 9936K, capacity 10126K, committed 10240K, reserved 10624K
Event: 1.762 GC heap after
Heap after GC invocations=4 (full 0):
 def new generation   total 4928K, used 208K [0x04c00000, 0x05150000, 0x0a150000)
  eden space 4416K,   0% used [0x04c00000, 0x04c00000, 0x05050000)
  from space 512K,  40% used [0x05050000, 0x05084158, 0x050d0000)
  to   space 512K,   0% used [0x050d0000, 0x050d0000, 0x05150000)
 tenured generation   total 10944K, used 3228K [0x0a150000, 0x0ac00000, 0x14c00000)
   the space 10944K,  29% used [0x0a150000, 0x0a477250, 0x0a477400, 0x0ac00000)
 Metaspace       used 9936K, capacity 10126K, committed 10240K, reserved 10624K
}
Event: 1.975 GC heap before
{Heap before GC invocations=4 (full 0):
 def new generation   total 4928K, used 4300K [0x04c00000, 0x05150000, 0x0a150000)
  eden space 4416K,  92% used [0x04c00000, 0x04fff2a0, 0x05050000)
  from space 512K,  40% used [0x05050000, 0x05084158, 0x050d0000)
  to   space 512K,   0% used [0x050d0000, 0x050d0000, 0x05150000)
 tenured generation   total 10944K, used 3228K [0x0a150000, 0x0ac00000, 0x14c00000)
   the space 10944K,  29% used [0x0a150000, 0x0a477250, 0x0a477400, 0x0ac00000)
 Metaspace       used 10390K, capacity 10576K, committed 10752K, reserved 11648K
Event: 1.978 GC heap after
Heap after GC invocations=5 (full 0):
 def new generation   total 4928K, used 511K [0x04c00000, 0x05150000, 0x0a150000)
  eden space 4416K,   0% used [0x04c00000, 0x04c00000, 0x05050000)
  from space 512K,  99% used [0x050d0000, 0x0514ffb0, 0x05150000)
  to   space 512K,   0% used [0x05050000, 0x05050000, 0x050d0000)
 tenured generation   total 10944K, used 3228K [0x0a150000, 0x0ac00000, 0x14c00000)
   the space 10944K,  29% used [0x0a150000, 0x0a477350, 0x0a477400, 0x0ac00000)
 Metaspace       used 10390K, capacity 10576K, committed 10752K, reserved 11648K
}
Event: 23.240 GC heap before
{Heap before GC invocations=5 (full 0):
 def new generation   total 4928K, used 3823K [0x04c00000, 0x05150000, 0x0a150000)
  eden space 4416K,  75% used [0x04c00000, 0x04f3c018, 0x05050000)
  from space 512K,  99% used [0x050d0000, 0x0514ffb0, 0x05150000)
  to   space 512K,   0% used [0x05050000, 0x05050000, 0x050d0000)
 tenured generation   total 10944K, used 3228K [0x0a150000, 0x0ac00000, 0x14c00000)
   the space 10944K,  29% used [0x0a150000, 0x0a477350, 0x0a477400, 0x0ac00000)
 Metaspace       used 10822K, capacity 11005K, committed 11264K, reserved 11648K
Event: 23.247 GC heap after
Heap after GC invocations=6 (full 0):
 def new generation   total 4928K, used 175K [0x04c00000, 0x05150000, 0x0a150000)
  eden space 4416K,   0% used [0x04c00000, 0x04c00000, 0x05050000)
  from space 512K,  34% used [0x05050000, 0x0507bdd0, 0x050d0000)
  to   space 512K,   0% used [0x050d0000, 0x050d0000, 0x05150000)
 tenured generation   total 10944K, used 4652K [0x0a150000, 0x0ac00000, 0x14c00000)
   the space 10944K,  42% used [0x0a150000, 0x0a5db3e8, 0x0a5db400, 0x0ac00000)
 Metaspace       used 10822K, capacity 11005K, committed 11264K, reserved 11648K
}

