# JRE version: Java(TM) SE Runtime Environment (8.0_45-b14) (build 1.8.0_45-b14)
# Java VM: Java HotSpot(TM) Client VM (25.45-b02 mixed mode windows-x86 )
Heap:
 def new generation   total 4928K, used 1195K [0x04e00000, 0x05350000, 0x0a350000)
  eden space 4416K,  22% used [0x04e00000, 0x04efd570, 0x05250000)
  from space 512K,  35% used [0x05250000, 0x0527d940, 0x052d0000)
  to   space 512K,   0% used [0x052d0000, 0x052d0000, 0x05350000)
 tenured generation   total 10944K, used 8082K [0x0a350000, 0x0ae00000, 0x14e00000)
   the space 10944K,  73% used [0x0a350000, 0x0ab34ab8, 0x0ab34c00, 0x0ae00000)
 Metaspace       used 11260K, capacity 11509K, committed 11648K, reserved 11648K
GC Heap History (10 events):
Event: 95.775 GC heap before
{Heap before GC invocations=29 (full 0):
 def new generation   total 4928K, used 4595K [0x04e00000, 0x05350000, 0x0a350000)
  eden space 4416K, 100% used [0x04e00000, 0x05250000, 0x05250000)
  from space 512K,  35% used [0x052d0000, 0x052fcdf8, 0x05350000)
  to   space 512K,   0% used [0x05250000, 0x05250000, 0x052d0000)
 tenured generation   total 10944K, used 8073K [0x0a350000, 0x0ae00000, 0x14e00000)
   the space 10944K,  73% used [0x0a350000, 0x0ab32598, 0x0ab32600, 0x0ae00000)
 Metaspace       used 11254K, capacity 11504K, committed 11648K, reserved 11648K
Event: 95.778 GC heap after
Heap after GC invocations=30 (full 0):
 def new generation   total 4928K, used 181K [0x04e00000, 0x05350000, 0x0a350000)
  eden space 4416K,   0% used [0x04e00000, 0x04e00000, 0x05250000)
  from space 512K,  35% used [0x05250000, 0x0527d688, 0x052d0000)
  to   space 512K,   0% used [0x052d0000, 0x052d0000, 0x05350000)
 tenured generation   total 10944K, used 8073K [0x0a350000, 0x0ae00000, 0x14e00000)
   the space 10944K,  73% used [0x0a350000, 0x0ab32598, 0x0ab32600, 0x0ae00000)
 Metaspace       used 11254K, capacity 11504K, committed 11648K, reserved 11648K
}
Event: 99.385 GC heap before
{Heap before GC invocations=30 (full 0):
 def new generation   total 4928K, used 4597K [0x04e00000, 0x05350000, 0x0a350000)
  eden space 4416K, 100% used [0x04e00000, 0x05250000, 0x05250000)
  from space 512K,  35% used [0x05250000, 0x0527d688, 0x052d0000)
  to   space 512K,   0% used [0x052d0000, 0x052d0000, 0x05350000)
 tenured generation   total 10944K, used 8073K [0x0a350000, 0x0ae00000, 0x14e00000)
   the space 10944K,  73% used [0x0a350000, 0x0ab32598, 0x0ab32600, 0x0ae00000)
 Metaspace       used 11254K, capacity 11504K, committed 11648K, reserved 11648K
Event: 99.390 GC heap after
Heap after GC invocations=31 (full 0):
 def new generation   total 4928K, used 191K [0x04e00000, 0x05350000, 0x0a350000)
  eden space 4416K,   0% used [0x04e00000, 0x04e00000, 0x05250000)
  from space 512K,  37% used [0x052d0000, 0x052ffd28, 0x05350000)
  to   space 512K,   0% used [0x05250000, 0x05250000, 0x052d0000)
 tenured generation   total 10944K, used 8074K [0x0a350000, 0x0ae00000, 0x14e00000)
   the space 10944K,  73% used [0x0a350000, 0x0ab32a60, 0x0ab32c00, 0x0ae00000)
 Metaspace       used 11254K, capacity 11504K, committed 11648K, reserved 11648K
}
Event: 102.929 GC heap before
{Heap before GC invocations=31 (full 0):
 def new generation   total 4928K, used 4607K [0x04e00000, 0x05350000, 0x0a350000)
  eden space 4416K, 100% used [0x04e00000, 0x05250000, 0x05250000)
  from space 512K,  37% used [0x052d0000, 0x052ffd28, 0x05350000)
  to   space 512K,   0% used [0x05250000, 0x05250000, 0x052d0000)
 tenured generation   total 10944K, used 8074K [0x0a350000, 0x0ae00000, 0x14e00000)
   the space 10944K,  73% used [0x0a350000, 0x0ab32a60, 0x0ab32c00, 0x0ae00000)
 Metaspace       used 11254K, capacity 11504K, committed 11648K, reserved 11648K
Event: 102.934 GC heap after
Heap after GC invocations=32 (full 0):
 def new generation   total 4928K, used 181K [0x04e00000, 0x05350000, 0x0a350000)
  eden space 4416K,   0% used [0x04e00000, 0x04e00000, 0x05250000)
  from space 512K,  35% used [0x05250000, 0x0527d488, 0x052d0000)
  to   space 512K,   0% used [0x052d0000, 0x052d0000, 0x05350000)
 tenured generation   total 10944K, used 8080K [0x0a350000, 0x0ae00000, 0x14e00000)
   the space 10944K,  73% used [0x0a350000, 0x0ab34360, 0x0ab34400, 0x0ae00000)
 Metaspace       used 11254K, capacity 11504K, committed 11648K, reserved 11648K
}
Event: 106.245 GC heap before
{Heap before GC invocations=32 (full 0):
 def new generation   total 4928K, used 4597K [0x04e00000, 0x05350000, 0x0a350000)
  eden space 4416K, 100% used [0x04e00000, 0x05250000, 0x05250000)
  from space 512K,  35% used [0x05250000, 0x0527d488, 0x052d0000)
  to   space 512K,   0% used [0x052d0000, 0x052d0000, 0x05350000)
 tenured generation   total 10944K, used 8080K [0x0a350000, 0x0ae00000, 0x14e00000)
   the space 10944K,  73% used [0x0a350000, 0x0ab34360, 0x0ab34400, 0x0ae00000)
 Metaspace       used 11258K, capacity 11509K, committed 11648K, reserved 11648K
Event: 106.247 GC heap after
Heap after GC invocations=33 (full 0):
 def new generation   total 4928K, used 185K [0x04e00000, 0x05350000, 0x0a350000)
  eden space 4416K,   0% used [0x04e00000, 0x04e00000, 0x05250000)
  from space 512K,  36% used [0x052d0000, 0x052fe6f8, 0x05350000)
  to   space 512K,   0% used [0x05250000, 0x05250000, 0x052d0000)
 tenured generation   total 10944K, used 8081K [0x0a350000, 0x0ae00000, 0x14e00000)
   the space 10944K,  73% used [0x0a350000, 0x0ab34438, 0x0ab34600, 0x0ae00000)
 Metaspace       used 11258K, capacity 11509K, committed 11648K, reserved 11648K
}
Event: 109.568 GC heap before
{Heap before GC invocations=33 (full 0):
 def new generation   total 4928K, used 4601K [0x04e00000, 0x05350000, 0x0a350000)
  eden space 4416K,  99% used [0x04e00000, 0x0524ff90, 0x05250000)
  from space 512K,  36% used [0x052d0000, 0x052fe6f8, 0x05350000)
  to   space 512K,   0% used [0x05250000, 0x05250000, 0x052d0000)
 tenured generation   total 10944K, used 8081K [0x0a350000, 0x0ae00000, 0x14e00000)
   the space 10944K,  73% used [0x0a350000, 0x0ab34438, 0x0ab34600, 0x0ae00000)
 Metaspace       used 11258K, capacity 11509K, committed 11648K, reserved 11648K
Event: 109.573 GC heap after
Heap after GC invocations=34 (full 0):
 def new generation   total 4928K, used 182K [0x04e00000, 0x05350000, 0x0a350000)
  eden space 4416K,   0% used [0x04e00000, 0x04e00000, 0x05250000)
  from space 512K,  35% used [0x05250000, 0x0527d940, 0x052d0000)
  to   space 512K,   0% used [0x052d0000, 0x052d0000, 0x05350000)
 tenured generation   total 10944K, used 8082K [0x0a350000, 0x0ae00000, 0x14e00000)
   the space 10944K,  73% used [0x0a350000, 0x0ab34ab8, 0x0ab34c00, 0x0ae00000)
 Metaspace       used 11258K, capacity 11509K, committed 11648K, reserved 11648K
}

