# JRE version: Java(TM) SE Runtime Environment (8.0_45-b14) (build 1.8.0_45-b14)
# Java VM: Java HotSpot(TM) Client VM (25.45-b02 mixed mode, sharing windows-x86 )
Heap:
 def new generation   total 4928K, used 2979K [0x04800000, 0x04d50000, 0x09d50000)
  eden space 4416K,  61% used [0x04800000, 0x04aa9d40, 0x04c50000)
  from space 512K,  49% used [0x04cd0000, 0x04d0f2a8, 0x04d50000)
  to   space 512K,   0% used [0x04c50000, 0x04c50000, 0x04cd0000)
 tenured generation   total 10944K, used 9887K [0x09d50000, 0x0a800000, 0x14800000)
   the space 10944K,  90% used [0x09d50000, 0x0a6f7c48, 0x0a6f7e00, 0x0a800000)
 Metaspace       used 3831K, capacity 4069K, committed 4160K, reserved 4480K
GC Heap History (10 events):
Event: 31.326 GC heap before
{Heap before GC invocations=16 (full 0):
 def new generation   total 4928K, used 4616K [0x04800000, 0x04d50000, 0x09d50000)
  eden space 4416K, 100% used [0x04800000, 0x04c50000, 0x04c50000)
  from space 512K,  39% used [0x04c50000, 0x04c820e0, 0x04cd0000)
  to   space 512K,   0% used [0x04cd0000, 0x04cd0000, 0x04d50000)
 tenured generation   total 10944K, used 9887K [0x09d50000, 0x0a800000, 0x14800000)
   the space 10944K,  90% used [0x09d50000, 0x0a6f7c48, 0x0a6f7e00, 0x0a800000)
 Metaspace       used 3814K, capacity 4037K, committed 4160K, reserved 4480K
Event: 31.333 GC heap after
Heap after GC invocations=17 (full 0):
 def new generation   total 4928K, used 201K [0x04800000, 0x04d50000, 0x09d50000)
  eden space 4416K,   0% used [0x04800000, 0x04800000, 0x04c50000)
  from space 512K,  39% used [0x04cd0000, 0x04d02580, 0x04d50000)
  to   space 512K,   0% used [0x04c50000, 0x04c50000, 0x04cd0000)
 tenured generation   total 10944K, used 9887K [0x09d50000, 0x0a800000, 0x14800000)
   the space 10944K,  90% used [0x09d50000, 0x0a6f7c48, 0x0a6f7e00, 0x0a800000)
 Metaspace       used 3814K, capacity 4037K, committed 4160K, reserved 4480K
}
Event: 34.091 GC heap before
{Heap before GC invocations=17 (full 0):
 def new generation   total 4928K, used 4617K [0x04800000, 0x04d50000, 0x09d50000)
  eden space 4416K, 100% used [0x04800000, 0x04c50000, 0x04c50000)
  from space 512K,  39% used [0x04cd0000, 0x04d02580, 0x04d50000)
  to   space 512K,   0% used [0x04c50000, 0x04c50000, 0x04cd0000)
 tenured generation   total 10944K, used 9887K [0x09d50000, 0x0a800000, 0x14800000)
   the space 10944K,  90% used [0x09d50000, 0x0a6f7c48, 0x0a6f7e00, 0x0a800000)
 Metaspace       used 3814K, capacity 4037K, committed 4160K, reserved 4480K
Event: 34.096 GC heap after
Heap after GC invocations=18 (full 0):
 def new generation   total 4928K, used 189K [0x04800000, 0x04d50000, 0x09d50000)
  eden space 4416K,   0% used [0x04800000, 0x04800000, 0x04c50000)
  from space 512K,  37% used [0x04c50000, 0x04c7f738, 0x04cd0000)
  to   space 512K,   0% used [0x04cd0000, 0x04cd0000, 0x04d50000)
 tenured generation   total 10944K, used 9887K [0x09d50000, 0x0a800000, 0x14800000)
   the space 10944K,  90% used [0x09d50000, 0x0a6f7c48, 0x0a6f7e00, 0x0a800000)
 Metaspace       used 3814K, capacity 4037K, committed 4160K, reserved 4480K
}
Event: 34.652 GC heap before
{Heap before GC invocations=18 (full 0):
 def new generation   total 4928K, used 4605K [0x04800000, 0x04d50000, 0x09d50000)
  eden space 4416K, 100% used [0x04800000, 0x04c50000, 0x04c50000)
  from space 512K,  37% used [0x04c50000, 0x04c7f738, 0x04cd0000)
  to   space 512K,   0% used [0x04cd0000, 0x04cd0000, 0x04d50000)
 tenured generation   total 10944K, used 9887K [0x09d50000, 0x0a800000, 0x14800000)
   the space 10944K,  90% used [0x09d50000, 0x0a6f7c48, 0x0a6f7e00, 0x0a800000)
 Metaspace       used 3814K, capacity 4037K, committed 4160K, reserved 4480K
Event: 34.657 GC heap after
Heap after GC invocations=19 (full 0):
 def new generation   total 4928K, used 192K [0x04800000, 0x04d50000, 0x09d50000)
  eden space 4416K,   0% used [0x04800000, 0x04800000, 0x04c50000)
  from space 512K,  37% used [0x04cd0000, 0x04d00040, 0x04d50000)
  to   space 512K,   0% used [0x04c50000, 0x04c50000, 0x04cd0000)
 tenured generation   total 10944K, used 9887K [0x09d50000, 0x0a800000, 0x14800000)
   the space 10944K,  90% used [0x09d50000, 0x0a6f7c48, 0x0a6f7e00, 0x0a800000)
 Metaspace       used 3814K, capacity 4037K, committed 4160K, reserved 4480K
}
Event: 34.855 GC heap before
{Heap before GC invocations=19 (full 0):
 def new generation   total 4928K, used 4608K [0x04800000, 0x04d50000, 0x09d50000)
  eden space 4416K, 100% used [0x04800000, 0x04c50000, 0x04c50000)
  from space 512K,  37% used [0x04cd0000, 0x04d00040, 0x04d50000)
  to   space 512K,   0% used [0x04c50000, 0x04c50000, 0x04cd0000)
 tenured generation   total 10944K, used 9887K [0x09d50000, 0x0a800000, 0x14800000)
   the space 10944K,  90% used [0x09d50000, 0x0a6f7c48, 0x0a6f7e00, 0x0a800000)
 Metaspace       used 3821K, capacity 4069K, committed 4160K, reserved 4480K
Event: 34.861 GC heap after
Heap after GC invocations=20 (full 0):
 def new generation   total 4928K, used 201K [0x04800000, 0x04d50000, 0x09d50000)
  eden space 4416K,   0% used [0x04800000, 0x04800000, 0x04c50000)
  from space 512K,  39% used [0x04c50000, 0x04c82448, 0x04cd0000)
  to   space 512K,   0% used [0x04cd0000, 0x04cd0000, 0x04d50000)
 tenured generation   total 10944K, used 9887K [0x09d50000, 0x0a800000, 0x14800000)
   the space 10944K,  90% used [0x09d50000, 0x0a6f7c48, 0x0a6f7e00, 0x0a800000)
 Metaspace       used 3821K, capacity 4069K, committed 4160K, reserved 4480K
}
Event: 36.569 GC heap before
{Heap before GC invocations=20 (full 0):
 def new generation   total 4928K, used 4617K [0x04800000, 0x04d50000, 0x09d50000)
  eden space 4416K, 100% used [0x04800000, 0x04c50000, 0x04c50000)
  from space 512K,  39% used [0x04c50000, 0x04c82448, 0x04cd0000)
  to   space 512K,   0% used [0x04cd0000, 0x04cd0000, 0x04d50000)
 tenured generation   total 10944K, used 9887K [0x09d50000, 0x0a800000, 0x14800000)
   the space 10944K,  90% used [0x09d50000, 0x0a6f7c48, 0x0a6f7e00, 0x0a800000)
 Metaspace       used 3829K, capacity 4069K, committed 4160K, reserved 4480K
Event: 36.575 GC heap after
Heap after GC invocations=21 (full 0):
 def new generation   total 4928K, used 252K [0x04800000, 0x04d50000, 0x09d50000)
  eden space 4416K,   0% used [0x04800000, 0x04800000, 0x04c50000)
  from space 512K,  49% used [0x04cd0000, 0x04d0f2a8, 0x04d50000)
  to   space 512K,   0% used [0x04c50000, 0x04c50000, 0x04cd0000)
 tenured generation   total 10944K, used 9887K [0x09d50000, 0x0a800000, 0x14800000)
   the space 10944K,  90% used [0x09d50000, 0x0a6f7c48, 0x0a6f7e00, 0x0a800000)
 Metaspace       used 3829K, capacity 4069K, committed 4160K, reserved 4480K
}

