# JRE version: Java(TM) SE Runtime Environment (8.0_45-b14) (build 1.8.0_45-b14)
# Java VM: Java HotSpot(TM) Client VM (25.45-b02 mixed mode, sharing windows-x86 )
Heap:
 def new generation   total 4928K, used 2552K [0x04000000, 0x04550000, 0x09550000)
  eden space 4416K,  52% used [0x04000000, 0x04241338, 0x04450000)
  from space 512K,  47% used [0x04450000, 0x0448cff8, 0x044d0000)
  to   space 512K,   0% used [0x044d0000, 0x044d0000, 0x04550000)
 tenured generation   total 10944K, used 9785K [0x09550000, 0x0a000000, 0x14000000)
   the space 10944K,  89% used [0x09550000, 0x09ede4f8, 0x09ede600, 0x0a000000)
 Metaspace       used 3837K, capacity 4069K, committed 4160K, reserved 4480K
GC Heap History (10 events):
Event: 25.630 GC heap before
{Heap before GC invocations=13 (full 0):
 def new generation   total 4928K, used 4739K [0x04000000, 0x04550000, 0x09550000)
  eden space 4416K, 100% used [0x04000000, 0x04450000, 0x04450000)
  from space 512K,  63% used [0x044d0000, 0x04520e80, 0x04550000)
  to   space 512K,   0% used [0x04450000, 0x04450000, 0x044d0000)
 tenured generation   total 10944K, used 9700K [0x09550000, 0x0a000000, 0x14000000)
   the space 10944K,  88% used [0x09550000, 0x09ec9068, 0x09ec9200, 0x0a000000)
 Metaspace       used 3819K, capacity 4069K, committed 4160K, reserved 4480K
Event: 25.636 GC heap after
Heap after GC invocations=14 (full 0):
 def new generation   total 4928K, used 198K [0x04000000, 0x04550000, 0x09550000)
  eden space 4416K,   0% used [0x04000000, 0x04000000, 0x04450000)
  from space 512K,  38% used [0x04450000, 0x04481a40, 0x044d0000)
  to   space 512K,   0% used [0x044d0000, 0x044d0000, 0x04550000)
 tenured generation   total 10944K, used 9785K [0x09550000, 0x0a000000, 0x14000000)
   the space 10944K,  89% used [0x09550000, 0x09ede4f8, 0x09ede600, 0x0a000000)
 Metaspace       used 3819K, capacity 4069K, committed 4160K, reserved 4480K
}
Event: 33.038 GC heap before
{Heap before GC invocations=14 (full 0):
 def new generation   total 4928K, used 4614K [0x04000000, 0x04550000, 0x09550000)
  eden space 4416K, 100% used [0x04000000, 0x04450000, 0x04450000)
  from space 512K,  38% used [0x04450000, 0x04481a40, 0x044d0000)
  to   space 512K,   0% used [0x044d0000, 0x044d0000, 0x04550000)
 tenured generation   total 10944K, used 9785K [0x09550000, 0x0a000000, 0x14000000)
   the space 10944K,  89% used [0x09550000, 0x09ede4f8, 0x09ede600, 0x0a000000)
 Metaspace       used 3819K, capacity 4069K, committed 4160K, reserved 4480K
Event: 33.042 GC heap after
Heap after GC invocations=15 (full 0):
 def new generation   total 4928K, used 201K [0x04000000, 0x04550000, 0x09550000)
  eden space 4416K,   0% used [0x04000000, 0x04000000, 0x04450000)
  from space 512K,  39% used [0x044d0000, 0x04502620, 0x04550000)
  to   space 512K,   0% used [0x04450000, 0x04450000, 0x044d0000)
 tenured generation   total 10944K, used 9785K [0x09550000, 0x0a000000, 0x14000000)
   the space 10944K,  89% used [0x09550000, 0x09ede4f8, 0x09ede600, 0x0a000000)
 Metaspace       used 3819K, capacity 4069K, committed 4160K, reserved 4480K
}
Event: 39.212 GC heap before
{Heap before GC invocations=15 (full 0):
 def new generation   total 4928K, used 4617K [0x04000000, 0x04550000, 0x09550000)
  eden space 4416K, 100% used [0x04000000, 0x04450000, 0x04450000)
  from space 512K,  39% used [0x044d0000, 0x04502620, 0x04550000)
  to   space 512K,   0% used [0x04450000, 0x04450000, 0x044d0000)
 tenured generation   total 10944K, used 9785K [0x09550000, 0x0a000000, 0x14000000)
   the space 10944K,  89% used [0x09550000, 0x09ede4f8, 0x09ede600, 0x0a000000)
 Metaspace       used 3819K, capacity 4069K, committed 4160K, reserved 4480K
Event: 39.217 GC heap after
Heap after GC invocations=16 (full 0):
 def new generation   total 4928K, used 157K [0x04000000, 0x04550000, 0x09550000)
  eden space 4416K,   0% used [0x04000000, 0x04000000, 0x04450000)
  from space 512K,  30% used [0x04450000, 0x04477548, 0x044d0000)
  to   space 512K,   0% used [0x044d0000, 0x044d0000, 0x04550000)
 tenured generation   total 10944K, used 9785K [0x09550000, 0x0a000000, 0x14000000)
   the space 10944K,  89% used [0x09550000, 0x09ede4f8, 0x09ede600, 0x0a000000)
 Metaspace       used 3819K, capacity 4069K, committed 4160K, reserved 4480K
}
Event: 42.560 GC heap before
{Heap before GC invocations=16 (full 0):
 def new generation   total 4928K, used 4573K [0x04000000, 0x04550000, 0x09550000)
  eden space 4416K, 100% used [0x04000000, 0x04450000, 0x04450000)
  from space 512K,  30% used [0x04450000, 0x04477548, 0x044d0000)
  to   space 512K,   0% used [0x044d0000, 0x044d0000, 0x04550000)
 tenured generation   total 10944K, used 9785K [0x09550000, 0x0a000000, 0x14000000)
   the space 10944K,  89% used [0x09550000, 0x09ede4f8, 0x09ede600, 0x0a000000)
 Metaspace       used 3828K, capacity 4069K, committed 4160K, reserved 4480K
Event: 42.563 GC heap after
Heap after GC invocations=17 (full 0):
 def new generation   total 4928K, used 173K [0x04000000, 0x04550000, 0x09550000)
  eden space 4416K,   0% used [0x04000000, 0x04000000, 0x04450000)
  from space 512K,  33% used [0x044d0000, 0x044fb5b8, 0x04550000)
  to   space 512K,   0% used [0x04450000, 0x04450000, 0x044d0000)
 tenured generation   total 10944K, used 9785K [0x09550000, 0x0a000000, 0x14000000)
   the space 10944K,  89% used [0x09550000, 0x09ede4f8, 0x09ede600, 0x0a000000)
 Metaspace       used 3828K, capacity 4069K, committed 4160K, reserved 4480K
}
Event: 46.623 GC heap before
{Heap before GC invocations=17 (full 0):
 def new generation   total 4928K, used 4589K [0x04000000, 0x04550000, 0x09550000)
  eden space 4416K, 100% used [0x04000000, 0x04450000, 0x04450000)
  from space 512K,  33% used [0x044d0000, 0x044fb5b8, 0x04550000)
  to   space 512K,   0% used [0x04450000, 0x04450000, 0x044d0000)
 tenured generation   total 10944K, used 9785K [0x09550000, 0x0a000000, 0x14000000)
   the space 10944K,  89% used [0x09550000, 0x09ede4f8, 0x09ede600, 0x0a000000)
 Metaspace       used 3836K, capacity 4069K, committed 4160K, reserved 4480K
Event: 46.628 GC heap after
Heap after GC invocations=18 (full 0):
 def new generation   total 4928K, used 243K [0x04000000, 0x04550000, 0x09550000)
  eden space 4416K,   0% used [0x04000000, 0x04000000, 0x04450000)
  from space 512K,  47% used [0x04450000, 0x0448cff8, 0x044d0000)
  to   space 512K,   0% used [0x044d0000, 0x044d0000, 0x04550000)
 tenured generation   total 10944K, used 9785K [0x09550000, 0x0a000000, 0x14000000)
   the space 10944K,  89% used [0x09550000, 0x09ede4f8, 0x09ede600, 0x0a000000)
 Metaspace       used 3836K, capacity 4069K, committed 4160K, reserved 4480K
}

