# JRE version: Java(TM) SE Runtime Environment (8.0_45-b14) (build 1.8.0_45-b14)
# Java VM: Java HotSpot(TM) Client VM (25.45-b02 mixed mode windows-x86 )
Heap:
 def new generation   total 4928K, used 2378K [0x04e00000, 0x05350000, 0x0a350000)
  eden space 4416K,  50% used [0x04e00000, 0x0502e7d8, 0x05250000)
  from space 512K,  28% used [0x052d0000, 0x052f4220, 0x05350000)
  to   space 512K,   0% used [0x05250000, 0x05250000, 0x052d0000)
 tenured generation   total 10944K, used 8052K [0x0a350000, 0x0ae00000, 0x14e00000)
   the space 10944K,  73% used [0x0a350000, 0x0ab2d388, 0x0ab2d400, 0x0ae00000)
 Metaspace       used 11250K, capacity 11504K, committed 11648K, reserved 11648K
GC Heap History (10 events):
Event: 40.709 GC heap before
{Heap before GC invocations=14 (full 0):
 def new generation   total 4928K, used 4545K [0x04e00000, 0x05350000, 0x0a350000)
  eden space 4416K, 100% used [0x04e00000, 0x05250000, 0x05250000)
  from space 512K,  25% used [0x05250000, 0x05270648, 0x052d0000)
  to   space 512K,   0% used [0x052d0000, 0x052d0000, 0x05350000)
 tenured generation   total 10944K, used 8052K [0x0a350000, 0x0ae00000, 0x14e00000)
   the space 10944K,  73% used [0x0a350000, 0x0ab2d388, 0x0ab2d400, 0x0ae00000)
 Metaspace       used 11244K, capacity 11499K, committed 11648K, reserved 11648K
Event: 40.713 GC heap after
Heap after GC invocations=15 (full 0):
 def new generation   total 4928K, used 130K [0x04e00000, 0x05350000, 0x0a350000)
  eden space 4416K,   0% used [0x04e00000, 0x04e00000, 0x05250000)
  from space 512K,  25% used [0x052d0000, 0x052f0ae0, 0x05350000)
  to   space 512K,   0% used [0x05250000, 0x05250000, 0x052d0000)
 tenured generation   total 10944K, used 8052K [0x0a350000, 0x0ae00000, 0x14e00000)
   the space 10944K,  73% used [0x0a350000, 0x0ab2d388, 0x0ab2d400, 0x0ae00000)
 Metaspace       used 11244K, capacity 11499K, committed 11648K, reserved 11648K
}
Event: 41.287 GC heap before
{Heap before GC invocations=15 (full 0):
 def new generation   total 4928K, used 4546K [0x04e00000, 0x05350000, 0x0a350000)
  eden space 4416K, 100% used [0x04e00000, 0x05250000, 0x05250000)
  from space 512K,  25% used [0x052d0000, 0x052f0ae0, 0x05350000)
  to   space 512K,   0% used [0x05250000, 0x05250000, 0x052d0000)
 tenured generation   total 10944K, used 8052K [0x0a350000, 0x0ae00000, 0x14e00000)
   the space 10944K,  73% used [0x0a350000, 0x0ab2d388, 0x0ab2d400, 0x0ae00000)
 Metaspace       used 11244K, capacity 11499K, committed 11648K, reserved 11648K
Event: 41.291 GC heap after
Heap after GC invocations=16 (full 0):
 def new generation   total 4928K, used 130K [0x04e00000, 0x05350000, 0x0a350000)
  eden space 4416K,   0% used [0x04e00000, 0x04e00000, 0x05250000)
  from space 512K,  25% used [0x05250000, 0x05270988, 0x052d0000)
  to   space 512K,   0% used [0x052d0000, 0x052d0000, 0x05350000)
 tenured generation   total 10944K, used 8052K [0x0a350000, 0x0ae00000, 0x14e00000)
   the space 10944K,  73% used [0x0a350000, 0x0ab2d388, 0x0ab2d400, 0x0ae00000)
 Metaspace       used 11244K, capacity 11499K, committed 11648K, reserved 11648K
}
Event: 44.678 GC heap before
{Heap before GC invocations=16 (full 0):
 def new generation   total 4928K, used 4546K [0x04e00000, 0x05350000, 0x0a350000)
  eden space 4416K, 100% used [0x04e00000, 0x05250000, 0x05250000)
  from space 512K,  25% used [0x05250000, 0x05270988, 0x052d0000)
  to   space 512K,   0% used [0x052d0000, 0x052d0000, 0x05350000)
 tenured generation   total 10944K, used 8052K [0x0a350000, 0x0ae00000, 0x14e00000)
   the space 10944K,  73% used [0x0a350000, 0x0ab2d388, 0x0ab2d400, 0x0ae00000)
 Metaspace       used 11248K, capacity 11504K, committed 11648K, reserved 11648K
Event: 44.684 GC heap after
Heap after GC invocations=17 (full 0):
 def new generation   total 4928K, used 140K [0x04e00000, 0x05350000, 0x0a350000)
  eden space 4416K,   0% used [0x04e00000, 0x04e00000, 0x05250000)
  from space 512K,  27% used [0x052d0000, 0x052f3260, 0x05350000)
  to   space 512K,   0% used [0x05250000, 0x05250000, 0x052d0000)
 tenured generation   total 10944K, used 8052K [0x0a350000, 0x0ae00000, 0x14e00000)
   the space 10944K,  73% used [0x0a350000, 0x0ab2d388, 0x0ab2d400, 0x0ae00000)
 Metaspace       used 11248K, capacity 11504K, committed 11648K, reserved 11648K
}
Event: 48.257 GC heap before
{Heap before GC invocations=17 (full 0):
 def new generation   total 4928K, used 4556K [0x04e00000, 0x05350000, 0x0a350000)
  eden space 4416K, 100% used [0x04e00000, 0x05250000, 0x05250000)
  from space 512K,  27% used [0x052d0000, 0x052f3260, 0x05350000)
  to   space 512K,   0% used [0x05250000, 0x05250000, 0x052d0000)
 tenured generation   total 10944K, used 8052K [0x0a350000, 0x0ae00000, 0x14e00000)
   the space 10944K,  73% used [0x0a350000, 0x0ab2d388, 0x0ab2d400, 0x0ae00000)
 Metaspace       used 11248K, capacity 11504K, committed 11648K, reserved 11648K
Event: 48.262 GC heap after
Heap after GC invocations=18 (full 0):
 def new generation   total 4928K, used 138K [0x04e00000, 0x05350000, 0x0a350000)
  eden space 4416K,   0% used [0x04e00000, 0x04e00000, 0x05250000)
  from space 512K,  27% used [0x05250000, 0x05272aa8, 0x052d0000)
  to   space 512K,   0% used [0x052d0000, 0x052d0000, 0x05350000)
 tenured generation   total 10944K, used 8052K [0x0a350000, 0x0ae00000, 0x14e00000)
   the space 10944K,  73% used [0x0a350000, 0x0ab2d388, 0x0ab2d400, 0x0ae00000)
 Metaspace       used 11248K, capacity 11504K, committed 11648K, reserved 11648K
}
Event: 51.854 GC heap before
{Heap before GC invocations=18 (full 0):
 def new generation   total 4928K, used 4554K [0x04e00000, 0x05350000, 0x0a350000)
  eden space 4416K,  99% used [0x04e00000, 0x0524fff8, 0x05250000)
  from space 512K,  27% used [0x05250000, 0x05272ad8, 0x052d0000)
  to   space 512K,   0% used [0x052d0000, 0x052d0000, 0x05350000)
 tenured generation   total 10944K, used 8052K [0x0a350000, 0x0ae00000, 0x14e00000)
   the space 10944K,  73% used [0x0a350000, 0x0ab2d388, 0x0ab2d400, 0x0ae00000)
 Metaspace       used 11248K, capacity 11504K, committed 11648K, reserved 11648K
Event: 51.863 GC heap after
Heap after GC invocations=19 (full 0):
 def new generation   total 4928K, used 144K [0x04e00000, 0x05350000, 0x0a350000)
  eden space 4416K,   0% used [0x04e00000, 0x04e00000, 0x05250000)
  from space 512K,  28% used [0x052d0000, 0x052f4220, 0x05350000)
  to   space 512K,   0% used [0x05250000, 0x05250000, 0x052d0000)
 tenured generation   total 10944K, used 8052K [0x0a350000, 0x0ae00000, 0x14e00000)
   the space 10944K,  73% used [0x0a350000, 0x0ab2d388, 0x0ab2d400, 0x0ae00000)
 Metaspace       used 11248K, capacity 11504K, committed 11648K, reserved 11648K
}

