# JRE version: Java(TM) SE Runtime Environment (8.0_45-b14) (build 1.8.0_45-b14)
# Java VM: Java HotSpot(TM) Client VM (25.45-b02 mixed mode windows-x86 )
Heap:
 def new generation   total 4928K, used 298K [0x04c00000, 0x05150000, 0x0a150000)
  eden space 4416K,   0% used [0x04c00000, 0x04c0a8c8, 0x05050000)
  from space 512K,  50% used [0x05050000, 0x05090200, 0x050d0000)
  to   space 512K,   0% used [0x050d0000, 0x050d0000, 0x05150000)
 tenured generation   total 10944K, used 9719K [0x0a150000, 0x0ac00000, 0x14c00000)
   the space 10944K,  88% used [0x0a150000, 0x0aacde40, 0x0aace000, 0x0ac00000)
 Metaspace       used 11400K, capacity 11621K, committed 11648K, reserved 11648K
GC Heap History (10 events):
Event: 17.979 GC heap before
{Heap before GC invocations=12 (full 0):
 def new generation   total 4928K, used 4652K [0x04c00000, 0x05150000, 0x0a150000)
  eden space 4416K, 100% used [0x04c00000, 0x05050000, 0x05050000)
  from space 512K,  46% used [0x05050000, 0x0508b0d0, 0x050d0000)
  to   space 512K,   0% used [0x050d0000, 0x050d0000, 0x05150000)
 tenured generation   total 10944K, used 9634K [0x0a150000, 0x0ac00000, 0x14c00000)
   the space 10944K,  88% used [0x0a150000, 0x0aab8910, 0x0aab8a00, 0x0ac00000)
 Metaspace       used 11377K, capacity 11621K, committed 11648K, reserved 11648K
Event: 17.982 GC heap after
Heap after GC invocations=13 (full 0):
 def new generation   total 4928K, used 302K [0x04c00000, 0x05150000, 0x0a150000)
  eden space 4416K,   0% used [0x04c00000, 0x04c00000, 0x05050000)
  from space 512K,  59% used [0x050d0000, 0x0511bb38, 0x05150000)
  to   space 512K,   0% used [0x05050000, 0x05050000, 0x050d0000)
 tenured generation   total 10944K, used 9634K [0x0a150000, 0x0ac00000, 0x14c00000)
   the space 10944K,  88% used [0x0a150000, 0x0aab8910, 0x0aab8a00, 0x0ac00000)
 Metaspace       used 11377K, capacity 11621K, committed 11648K, reserved 11648K
}
Event: 23.589 GC heap before
{Heap before GC invocations=13 (full 0):
 def new generation   total 4928K, used 4718K [0x04c00000, 0x05150000, 0x0a150000)
  eden space 4416K, 100% used [0x04c00000, 0x05050000, 0x05050000)
  from space 512K,  59% used [0x050d0000, 0x0511bb38, 0x05150000)
  to   space 512K,   0% used [0x05050000, 0x05050000, 0x050d0000)
 tenured generation   total 10944K, used 9634K [0x0a150000, 0x0ac00000, 0x14c00000)
   the space 10944K,  88% used [0x0a150000, 0x0aab8910, 0x0aab8a00, 0x0ac00000)
 Metaspace       used 11380K, capacity 11621K, committed 11648K, reserved 11648K
Event: 23.595 GC heap after
Heap after GC invocations=14 (full 0):
 def new generation   total 4928K, used 179K [0x04c00000, 0x05150000, 0x0a150000)
  eden space 4416K,   0% used [0x04c00000, 0x04c00000, 0x05050000)
  from space 512K,  35% used [0x05050000, 0x0507ce90, 0x050d0000)
  to   space 512K,   0% used [0x050d0000, 0x050d0000, 0x05150000)
 tenured generation   total 10944K, used 9719K [0x0a150000, 0x0ac00000, 0x14c00000)
   the space 10944K,  88% used [0x0a150000, 0x0aacde40, 0x0aace000, 0x0ac00000)
 Metaspace       used 11380K, capacity 11621K, committed 11648K, reserved 11648K
}
Event: 27.325 GC heap before
{Heap before GC invocations=14 (full 0):
 def new generation   total 4928K, used 4595K [0x04c00000, 0x05150000, 0x0a150000)
  eden space 4416K, 100% used [0x04c00000, 0x05050000, 0x05050000)
  from space 512K,  35% used [0x05050000, 0x0507ce90, 0x050d0000)
  to   space 512K,   0% used [0x050d0000, 0x050d0000, 0x05150000)
 tenured generation   total 10944K, used 9719K [0x0a150000, 0x0ac00000, 0x14c00000)
   the space 10944K,  88% used [0x0a150000, 0x0aacde40, 0x0aace000, 0x0ac00000)
 Metaspace       used 11391K, capacity 11621K, committed 11648K, reserved 11648K
Event: 27.330 GC heap after
Heap after GC invocations=15 (full 0):
 def new generation   total 4928K, used 188K [0x04c00000, 0x05150000, 0x0a150000)
  eden space 4416K,   0% used [0x04c00000, 0x04c00000, 0x05050000)
  from space 512K,  36% used [0x050d0000, 0x050ff200, 0x05150000)
  to   space 512K,   0% used [0x05050000, 0x05050000, 0x050d0000)
 tenured generation   total 10944K, used 9719K [0x0a150000, 0x0ac00000, 0x14c00000)
   the space 10944K,  88% used [0x0a150000, 0x0aacde40, 0x0aace000, 0x0ac00000)
 Metaspace       used 11391K, capacity 11621K, committed 11648K, reserved 11648K
}
Event: 28.956 GC heap before
{Heap before GC invocations=15 (full 0):
 def new generation   total 4928K, used 4584K [0x04c00000, 0x05150000, 0x0a150000)
  eden space 4416K,  99% used [0x04c00000, 0x0504b0a8, 0x05050000)
  from space 512K,  36% used [0x050d0000, 0x050ff200, 0x05150000)
  to   space 512K,   0% used [0x05050000, 0x05050000, 0x050d0000)
 tenured generation   total 10944K, used 9719K [0x0a150000, 0x0ac00000, 0x14c00000)
   the space 10944K,  88% used [0x0a150000, 0x0aacde40, 0x0aace000, 0x0ac00000)
 Metaspace       used 11391K, capacity 11621K, committed 11648K, reserved 11648K
Event: 28.963 GC heap after
Heap after GC invocations=16 (full 0):
 def new generation   total 4928K, used 212K [0x04c00000, 0x05150000, 0x0a150000)
  eden space 4416K,   0% used [0x04c00000, 0x04c00000, 0x05050000)
  from space 512K,  41% used [0x05050000, 0x05085158, 0x050d0000)
  to   space 512K,   0% used [0x050d0000, 0x050d0000, 0x05150000)
 tenured generation   total 10944K, used 9719K [0x0a150000, 0x0ac00000, 0x14c00000)
   the space 10944K,  88% used [0x0a150000, 0x0aacde40, 0x0aace000, 0x0ac00000)
 Metaspace       used 11391K, capacity 11621K, committed 11648K, reserved 11648K
}
Event: 30.914 GC heap before
{Heap before GC invocations=16 (full 0):
 def new generation   total 4928K, used 4628K [0x04c00000, 0x05150000, 0x0a150000)
  eden space 4416K, 100% used [0x04c00000, 0x05050000, 0x05050000)
  from space 512K,  41% used [0x05050000, 0x05085158, 0x050d0000)
  to   space 512K,   0% used [0x050d0000, 0x050d0000, 0x05150000)
 tenured generation   total 10944K, used 9719K [0x0a150000, 0x0ac00000, 0x14c00000)
   the space 10944K,  88% used [0x0a150000, 0x0aacde40, 0x0aace000, 0x0ac00000)
 Metaspace       used 11398K, capacity 11621K, committed 11648K, reserved 11648K
Event: 30.919 GC heap after
Heap after GC invocations=17 (full 0):
 def new generation   total 4928K, used 227K [0x04c00000, 0x05150000, 0x0a150000)
  eden space 4416K,   0% used [0x04c00000, 0x04c00000, 0x05050000)
  from space 512K,  44% used [0x050d0000, 0x05108e98, 0x05150000)
  to   space 512K,   0% used [0x05050000, 0x05050000, 0x050d0000)
 tenured generation   total 10944K, used 9719K [0x0a150000, 0x0ac00000, 0x14c00000)
   the space 10944K,  88% used [0x0a150000, 0x0aacde40, 0x0aace000, 0x0ac00000)
 Metaspace       used 11398K, capacity 11621K, committed 11648K, reserved 11648K
}

