# JRE version: Java(TM) SE Runtime Environment (8.0_45-b14) (build 1.8.0_45-b14)
# Java VM: Java HotSpot(TM) Client VM (25.45-b02 mixed mode, sharing windows-x86 )
Heap:
 def new generation   total 4928K, used 3036K [0x04600000, 0x04b50000, 0x09b50000)
  eden space 4416K,  65% used [0x04600000, 0x048d40d8, 0x04a50000)
  from space 512K,  27% used [0x04ad0000, 0x04af2f38, 0x04b50000)
  to   space 512K,   0% used [0x04a50000, 0x04a50000, 0x04ad0000)
 tenured generation   total 10944K, used 8481K [0x09b50000, 0x0a600000, 0x14600000)
   the space 10944K,  77% used [0x09b50000, 0x0a398598, 0x0a398600, 0x0a600000)
 Metaspace       used 3727K, capacity 3984K, committed 4032K, reserved 4480K
GC Heap History (10 events):
Event: 50.041 GC heap before
{Heap before GC invocations=14 (full 0):
 def new generation   total 4928K, used 4543K [0x04600000, 0x04b50000, 0x09b50000)
  eden space 4416K, 100% used [0x04600000, 0x04a50000, 0x04a50000)
  from space 512K,  24% used [0x04a50000, 0x04a6fde0, 0x04ad0000)
  to   space 512K,   0% used [0x04ad0000, 0x04ad0000, 0x04b50000)
 tenured generation   total 10944K, used 8481K [0x09b50000, 0x0a600000, 0x14600000)
   the space 10944K,  77% used [0x09b50000, 0x0a398598, 0x0a398600, 0x0a600000)
 Metaspace       used 3722K, capacity 3947K, committed 4032K, reserved 4480K
Event: 50.045 GC heap after
Heap after GC invocations=15 (full 0):
 def new generation   total 4928K, used 117K [0x04600000, 0x04b50000, 0x09b50000)
  eden space 4416K,   0% used [0x04600000, 0x04600000, 0x04a50000)
  from space 512K,  22% used [0x04ad0000, 0x04aed440, 0x04b50000)
  to   space 512K,   0% used [0x04a50000, 0x04a50000, 0x04ad0000)
 tenured generation   total 10944K, used 8481K [0x09b50000, 0x0a600000, 0x14600000)
   the space 10944K,  77% used [0x09b50000, 0x0a398598, 0x0a398600, 0x0a600000)
 Metaspace       used 3722K, capacity 3947K, committed 4032K, reserved 4480K
}
Event: 50.804 GC heap before
{Heap before GC invocations=15 (full 0):
 def new generation   total 4928K, used 4533K [0x04600000, 0x04b50000, 0x09b50000)
  eden space 4416K, 100% used [0x04600000, 0x04a50000, 0x04a50000)
  from space 512K,  22% used [0x04ad0000, 0x04aed440, 0x04b50000)
  to   space 512K,   0% used [0x04a50000, 0x04a50000, 0x04ad0000)
 tenured generation   total 10944K, used 8481K [0x09b50000, 0x0a600000, 0x14600000)
   the space 10944K,  77% used [0x09b50000, 0x0a398598, 0x0a398600, 0x0a600000)
 Metaspace       used 3722K, capacity 3947K, committed 4032K, reserved 4480K
Event: 50.806 GC heap after
Heap after GC invocations=16 (full 0):
 def new generation   total 4928K, used 115K [0x04600000, 0x04b50000, 0x09b50000)
  eden space 4416K,   0% used [0x04600000, 0x04600000, 0x04a50000)
  from space 512K,  22% used [0x04a50000, 0x04a6ccf8, 0x04ad0000)
  to   space 512K,   0% used [0x04ad0000, 0x04ad0000, 0x04b50000)
 tenured generation   total 10944K, used 8481K [0x09b50000, 0x0a600000, 0x14600000)
   the space 10944K,  77% used [0x09b50000, 0x0a398598, 0x0a398600, 0x0a600000)
 Metaspace       used 3722K, capacity 3947K, committed 4032K, reserved 4480K
}
Event: 53.946 GC heap before
{Heap before GC invocations=16 (full 0):
 def new generation   total 4928K, used 4531K [0x04600000, 0x04b50000, 0x09b50000)
  eden space 4416K, 100% used [0x04600000, 0x04a50000, 0x04a50000)
  from space 512K,  22% used [0x04a50000, 0x04a6ccf8, 0x04ad0000)
  to   space 512K,   0% used [0x04ad0000, 0x04ad0000, 0x04b50000)
 tenured generation   total 10944K, used 8481K [0x09b50000, 0x0a600000, 0x14600000)
   the space 10944K,  77% used [0x09b50000, 0x0a398598, 0x0a398600, 0x0a600000)
 Metaspace       used 3722K, capacity 3947K, committed 4032K, reserved 4480K
Event: 53.948 GC heap after
Heap after GC invocations=17 (full 0):
 def new generation   total 4928K, used 112K [0x04600000, 0x04b50000, 0x09b50000)
  eden space 4416K,   0% used [0x04600000, 0x04600000, 0x04a50000)
  from space 512K,  22% used [0x04ad0000, 0x04aec3c8, 0x04b50000)
  to   space 512K,   0% used [0x04a50000, 0x04a50000, 0x04ad0000)
 tenured generation   total 10944K, used 8481K [0x09b50000, 0x0a600000, 0x14600000)
   the space 10944K,  77% used [0x09b50000, 0x0a398598, 0x0a398600, 0x0a600000)
 Metaspace       used 3722K, capacity 3947K, committed 4032K, reserved 4480K
}
Event: 57.009 GC heap before
{Heap before GC invocations=17 (full 0):
 def new generation   total 4928K, used 4528K [0x04600000, 0x04b50000, 0x09b50000)
  eden space 4416K, 100% used [0x04600000, 0x04a50000, 0x04a50000)
  from space 512K,  22% used [0x04ad0000, 0x04aec3c8, 0x04b50000)
  to   space 512K,   0% used [0x04a50000, 0x04a50000, 0x04ad0000)
 tenured generation   total 10944K, used 8481K [0x09b50000, 0x0a600000, 0x14600000)
   the space 10944K,  77% used [0x09b50000, 0x0a398598, 0x0a398600, 0x0a600000)
 Metaspace       used 3726K, capacity 3952K, committed 4032K, reserved 4480K
Event: 57.013 GC heap after
Heap after GC invocations=18 (full 0):
 def new generation   total 4928K, used 125K [0x04600000, 0x04b50000, 0x09b50000)
  eden space 4416K,   0% used [0x04600000, 0x04600000, 0x04a50000)
  from space 512K,  24% used [0x04a50000, 0x04a6f7c0, 0x04ad0000)
  to   space 512K,   0% used [0x04ad0000, 0x04ad0000, 0x04b50000)
 tenured generation   total 10944K, used 8481K [0x09b50000, 0x0a600000, 0x14600000)
   the space 10944K,  77% used [0x09b50000, 0x0a398598, 0x0a398600, 0x0a600000)
 Metaspace       used 3726K, capacity 3952K, committed 4032K, reserved 4480K
}
Event: 60.511 GC heap before
{Heap before GC invocations=18 (full 0):
 def new generation   total 4928K, used 4541K [0x04600000, 0x04b50000, 0x09b50000)
  eden space 4416K, 100% used [0x04600000, 0x04a50000, 0x04a50000)
  from space 512K,  24% used [0x04a50000, 0x04a6f7c0, 0x04ad0000)
  to   space 512K,   0% used [0x04ad0000, 0x04ad0000, 0x04b50000)
 tenured generation   total 10944K, used 8481K [0x09b50000, 0x0a600000, 0x14600000)
   the space 10944K,  77% used [0x09b50000, 0x0a398598, 0x0a398600, 0x0a600000)
 Metaspace       used 3726K, capacity 3952K, committed 4032K, reserved 4480K
Event: 60.515 GC heap after
Heap after GC invocations=19 (full 0):
 def new generation   total 4928K, used 139K [0x04600000, 0x04b50000, 0x09b50000)
  eden space 4416K,   0% used [0x04600000, 0x04600000, 0x04a50000)
  from space 512K,  27% used [0x04ad0000, 0x04af2f38, 0x04b50000)
  to   space 512K,   0% used [0x04a50000, 0x04a50000, 0x04ad0000)
 tenured generation   total 10944K, used 8481K [0x09b50000, 0x0a600000, 0x14600000)
   the space 10944K,  77% used [0x09b50000, 0x0a398598, 0x0a398600, 0x0a600000)
 Metaspace       used 3726K, capacity 3952K, committed 4032K, reserved 4480K
}

