# JRE version: Java(TM) SE Runtime Environment (8.0_45-b14) (build 1.8.0_45-b14)
# Java VM: Java HotSpot(TM) Client VM (25.45-b02 mixed mode, sharing windows-x86 )
Heap:
 def new generation   total 4928K, used 1993K [0x04600000, 0x04b50000, 0x09b50000)
  eden space 4416K,  36% used [0x04600000, 0x04796eb8, 0x04a50000)
  from space 512K,  71% used [0x04ad0000, 0x04b2b738, 0x04b50000)
  to   space 512K,   0% used [0x04a50000, 0x04a50000, 0x04ad0000)
 tenured generation   total 10944K, used 7006K [0x09b50000, 0x0a600000, 0x14600000)
   the space 10944K,  64% used [0x09b50000, 0x0a2278d8, 0x0a227a00, 0x0a600000)
 Metaspace       used 3402K, capacity 3583K, committed 3648K, reserved 4480K
GC Heap History (10 events):
Event: 1.194 GC heap before
{Heap before GC invocations=1 (full 0):
 def new generation   total 4928K, used 4928K [0x04600000, 0x04b50000, 0x09b50000)
  eden space 4416K, 100% used [0x04600000, 0x04a50000, 0x04a50000)
  from space 512K, 100% used [0x04ad0000, 0x04b50000, 0x04b50000)
  to   space 512K,   0% used [0x04a50000, 0x04a50000, 0x04ad0000)
 tenured generation   total 10944K, used 1037K [0x09b50000, 0x0a600000, 0x14600000)
   the space 10944K,   9% used [0x09b50000, 0x09c535c8, 0x09c53600, 0x0a600000)
 Metaspace       used 2281K, capacity 2630K, committed 2752K, reserved 4480K
Event: 1.204 GC heap after
Heap after GC invocations=2 (full 0):
 def new generation   total 4928K, used 512K [0x04600000, 0x04b50000, 0x09b50000)
  eden space 4416K,   0% used [0x04600000, 0x04600000, 0x04a50000)
  from space 512K, 100% used [0x04a50000, 0x04ad0000, 0x04ad0000)
  to   space 512K,   0% used [0x04ad0000, 0x04ad0000, 0x04b50000)
 tenured generation   total 10944K, used 2486K [0x09b50000, 0x0a600000, 0x14600000)
   the space 10944K,  22% used [0x09b50000, 0x09dbd950, 0x09dbda00, 0x0a600000)
 Metaspace       used 2281K, capacity 2630K, committed 2752K, reserved 4480K
}
Event: 1.545 GC heap before
{Heap before GC invocations=2 (full 0):
 def new generation   total 4928K, used 4928K [0x04600000, 0x04b50000, 0x09b50000)
  eden space 4416K, 100% used [0x04600000, 0x04a50000, 0x04a50000)
  from space 512K, 100% used [0x04a50000, 0x04ad0000, 0x04ad0000)
  to   space 512K,   0% used [0x04ad0000, 0x04ad0000, 0x04b50000)
 tenured generation   total 10944K, used 2486K [0x09b50000, 0x0a600000, 0x14600000)
   the space 10944K,  22% used [0x09b50000, 0x09dbd950, 0x09dbda00, 0x0a600000)
 Metaspace       used 2661K, capacity 2862K, committed 2880K, reserved 4480K
Event: 1.550 GC heap after
Heap after GC invocations=3 (full 0):
 def new generation   total 4928K, used 452K [0x04600000, 0x04b50000, 0x09b50000)
  eden space 4416K,   0% used [0x04600000, 0x04600000, 0x04a50000)
  from space 512K,  88% used [0x04ad0000, 0x04b411f0, 0x04b50000)
  to   space 512K,   0% used [0x04a50000, 0x04a50000, 0x04ad0000)
 tenured generation   total 10944K, used 2985K [0x09b50000, 0x0a600000, 0x14600000)
   the space 10944K,  27% used [0x09b50000, 0x09e3a590, 0x09e3a600, 0x0a600000)
 Metaspace       used 2661K, capacity 2862K, committed 2880K, reserved 4480K
}
Event: 1.595 GC heap before
{Heap before GC invocations=3 (full 0):
 def new generation   total 4928K, used 4868K [0x04600000, 0x04b50000, 0x09b50000)
  eden space 4416K, 100% used [0x04600000, 0x04a50000, 0x04a50000)
  from space 512K,  88% used [0x04ad0000, 0x04b411f0, 0x04b50000)
  to   space 512K,   0% used [0x04a50000, 0x04a50000, 0x04ad0000)
 tenured generation   total 10944K, used 2985K [0x09b50000, 0x0a600000, 0x14600000)
   the space 10944K,  27% used [0x09b50000, 0x09e3a590, 0x09e3a600, 0x0a600000)
 Metaspace       used 2832K, capacity 3022K, committed 3136K, reserved 4480K
Event: 1.598 GC heap after
Heap after GC invocations=4 (full 0):
 def new generation   total 4928K, used 209K [0x04600000, 0x04b50000, 0x09b50000)
  eden space 4416K,   0% used [0x04600000, 0x04600000, 0x04a50000)
  from space 512K,  40% used [0x04a50000, 0x04a846d0, 0x04ad0000)
  to   space 512K,   0% used [0x04ad0000, 0x04ad0000, 0x04b50000)
 tenured generation   total 10944K, used 3231K [0x09b50000, 0x0a600000, 0x14600000)
   the space 10944K,  29% used [0x09b50000, 0x09e77fb8, 0x09e78000, 0x0a600000)
 Metaspace       used 2832K, capacity 3022K, committed 3136K, reserved 4480K
}
Event: 1.808 GC heap before
{Heap before GC invocations=4 (full 0):
 def new generation   total 4928K, used 4291K [0x04600000, 0x04b50000, 0x09b50000)
  eden space 4416K,  92% used [0x04600000, 0x049fc530, 0x04a50000)
  from space 512K,  40% used [0x04a50000, 0x04a846d0, 0x04ad0000)
  to   space 512K,   0% used [0x04ad0000, 0x04ad0000, 0x04b50000)
 tenured generation   total 10944K, used 3231K [0x09b50000, 0x0a600000, 0x14600000)
   the space 10944K,  29% used [0x09b50000, 0x09e77fb8, 0x09e78000, 0x0a600000)
 Metaspace       used 3180K, capacity 3376K, committed 3392K, reserved 4480K
Event: 1.812 GC heap after
Heap after GC invocations=5 (full 0):
 def new generation   total 4928K, used 509K [0x04600000, 0x04b50000, 0x09b50000)
  eden space 4416K,   0% used [0x04600000, 0x04600000, 0x04a50000)
  from space 512K,  99% used [0x04ad0000, 0x04b4f5d8, 0x04b50000)
  to   space 512K,   0% used [0x04a50000, 0x04a50000, 0x04ad0000)
 tenured generation   total 10944K, used 3231K [0x09b50000, 0x0a600000, 0x14600000)
   the space 10944K,  29% used [0x09b50000, 0x09e77fb8, 0x09e78000, 0x0a600000)
 Metaspace       used 3180K, capacity 3376K, committed 3392K, reserved 4480K
}
Event: 10.952 GC heap before
{Heap before GC invocations=5 (full 0):
 def new generation   total 4928K, used 3639K [0x04600000, 0x04b50000, 0x09b50000)
  eden space 4416K,  70% used [0x04600000, 0x0490e828, 0x04a50000)
  from space 512K,  99% used [0x04ad0000, 0x04b4f5d8, 0x04b50000)
  to   space 512K,   0% used [0x04a50000, 0x04a50000, 0x04ad0000)
 tenured generation   total 10944K, used 3231K [0x09b50000, 0x0a600000, 0x14600000)
   the space 10944K,  29% used [0x09b50000, 0x09e77fb8, 0x09e78000, 0x0a600000)
 Metaspace       used 3336K, capacity 3546K, committed 3648K, reserved 4480K
Event: 10.958 GC heap after
Heap after GC invocations=6 (full 0):
 def new generation   total 4928K, used 154K [0x04600000, 0x04b50000, 0x09b50000)
  eden space 4416K,   0% used [0x04600000, 0x04600000, 0x04a50000)
  from space 512K,  30% used [0x04a50000, 0x04a76ae8, 0x04ad0000)
  to   space 512K,   0% used [0x04ad0000, 0x04ad0000, 0x04b50000)
 tenured generation   total 10944K, used 4655K [0x09b50000, 0x0a600000, 0x14600000)
   the space 10944K,  42% used [0x09b50000, 0x09fdbe78, 0x09fdc000, 0x0a600000)
 Metaspace       used 3336K, capacity 3546K, committed 3648K, reserved 4480K
}

