# JRE version: Java(TM) SE Runtime Environment (8.0_45-b15) (build 1.8.0_45-b15)
# Java VM: Java HotSpot(TM) Client VM (25.45-b02 mixed mode, sharing windows-x86 )
Heap:
 def new generation   total 4928K, used 3824K [0x0f200000, 0x0f750000, 0x14750000)
  eden space 4416K,  83% used [0x0f200000, 0x0f59c528, 0x0f650000)
  from space 512K,  24% used [0x0f6d0000, 0x0f6efe88, 0x0f750000)
  to   space 512K,   0% used [0x0f650000, 0x0f650000, 0x0f6d0000)
 tenured generation   total 10944K, used 9943K [0x14750000, 0x15200000, 0x1f200000)
   the space 10944K,  90% used [0x14750000, 0x15105de8, 0x15105e00, 0x15200000)
 Metaspace       used 3828K, capacity 4069K, committed 4160K, reserved 4480K
GC Heap History (10 events):
Event: 51.377 GC heap before
{Heap before GC invocations=12 (full 0):
 def new generation   total 4928K, used 4554K [0x0f200000, 0x0f750000, 0x14750000)
  eden space 4416K, 100% used [0x0f200000, 0x0f650000, 0x0f650000)
  from space 512K,  26% used [0x0f650000, 0x0f672840, 0x0f6d0000)
  to   space 512K,   0% used [0x0f6d0000, 0x0f6d0000, 0x0f750000)
 tenured generation   total 10944K, used 9943K [0x14750000, 0x15200000, 0x1f200000)
   the space 10944K,  90% used [0x14750000, 0x15105de8, 0x15105e00, 0x15200000)
 Metaspace       used 3825K, capacity 4069K, committed 4160K, reserved 4480K
Event: 51.379 GC heap after
Heap after GC invocations=13 (full 0):
 def new generation   total 4928K, used 112K [0x0f200000, 0x0f750000, 0x14750000)
  eden space 4416K,   0% used [0x0f200000, 0x0f200000, 0x0f650000)
  from space 512K,  22% used [0x0f6d0000, 0x0f6ec388, 0x0f750000)
  to   space 512K,   0% used [0x0f650000, 0x0f650000, 0x0f6d0000)
 tenured generation   total 10944K, used 9943K [0x14750000, 0x15200000, 0x1f200000)
   the space 10944K,  90% used [0x14750000, 0x15105de8, 0x15105e00, 0x15200000)
 Metaspace       used 3825K, capacity 4069K, committed 4160K, reserved 4480K
}
Event: 51.929 GC heap before
{Heap before GC invocations=13 (full 0):
 def new generation   total 4928K, used 4528K [0x0f200000, 0x0f750000, 0x14750000)
  eden space 4416K, 100% used [0x0f200000, 0x0f650000, 0x0f650000)
  from space 512K,  22% used [0x0f6d0000, 0x0f6ec388, 0x0f750000)
  to   space 512K,   0% used [0x0f650000, 0x0f650000, 0x0f6d0000)
 tenured generation   total 10944K, used 9943K [0x14750000, 0x15200000, 0x1f200000)
   the space 10944K,  90% used [0x14750000, 0x15105de8, 0x15105e00, 0x15200000)
 Metaspace       used 3826K, capacity 4069K, committed 4160K, reserved 4480K
Event: 51.931 GC heap after
Heap after GC invocations=14 (full 0):
 def new generation   total 4928K, used 143K [0x0f200000, 0x0f750000, 0x14750000)
  eden space 4416K,   0% used [0x0f200000, 0x0f200000, 0x0f650000)
  from space 512K,  28% used [0x0f650000, 0x0f673ed0, 0x0f6d0000)
  to   space 512K,   0% used [0x0f6d0000, 0x0f6d0000, 0x0f750000)
 tenured generation   total 10944K, used 9943K [0x14750000, 0x15200000, 0x1f200000)
   the space 10944K,  90% used [0x14750000, 0x15105de8, 0x15105e00, 0x15200000)
 Metaspace       used 3826K, capacity 4069K, committed 4160K, reserved 4480K
}
Event: 54.005 GC heap before
{Heap before GC invocations=14 (full 0):
 def new generation   total 4928K, used 4559K [0x0f200000, 0x0f750000, 0x14750000)
  eden space 4416K, 100% used [0x0f200000, 0x0f650000, 0x0f650000)
  from space 512K,  28% used [0x0f650000, 0x0f673ed0, 0x0f6d0000)
  to   space 512K,   0% used [0x0f6d0000, 0x0f6d0000, 0x0f750000)
 tenured generation   total 10944K, used 9943K [0x14750000, 0x15200000, 0x1f200000)
   the space 10944K,  90% used [0x14750000, 0x15105de8, 0x15105e00, 0x15200000)
 Metaspace       used 3826K, capacity 4069K, committed 4160K, reserved 4480K
Event: 54.007 GC heap after
Heap after GC invocations=15 (full 0):
 def new generation   total 4928K, used 141K [0x0f200000, 0x0f750000, 0x14750000)
  eden space 4416K,   0% used [0x0f200000, 0x0f200000, 0x0f650000)
  from space 512K,  27% used [0x0f6d0000, 0x0f6f3690, 0x0f750000)
  to   space 512K,   0% used [0x0f650000, 0x0f650000, 0x0f6d0000)
 tenured generation   total 10944K, used 9943K [0x14750000, 0x15200000, 0x1f200000)
   the space 10944K,  90% used [0x14750000, 0x15105de8, 0x15105e00, 0x15200000)
 Metaspace       used 3826K, capacity 4069K, committed 4160K, reserved 4480K
}
Event: 55.956 GC heap before
{Heap before GC invocations=15 (full 0):
 def new generation   total 4928K, used 4557K [0x0f200000, 0x0f750000, 0x14750000)
  eden space 4416K, 100% used [0x0f200000, 0x0f650000, 0x0f650000)
  from space 512K,  27% used [0x0f6d0000, 0x0f6f3690, 0x0f750000)
  to   space 512K,   0% used [0x0f650000, 0x0f650000, 0x0f6d0000)
 tenured generation   total 10944K, used 9943K [0x14750000, 0x15200000, 0x1f200000)
   the space 10944K,  90% used [0x14750000, 0x15105de8, 0x15105e00, 0x15200000)
 Metaspace       used 3826K, capacity 4069K, committed 4160K, reserved 4480K
Event: 55.958 GC heap after
Heap after GC invocations=16 (full 0):
 def new generation   total 4928K, used 142K [0x0f200000, 0x0f750000, 0x14750000)
  eden space 4416K,   0% used [0x0f200000, 0x0f200000, 0x0f650000)
  from space 512K,  27% used [0x0f650000, 0x0f673a58, 0x0f6d0000)
  to   space 512K,   0% used [0x0f6d0000, 0x0f6d0000, 0x0f750000)
 tenured generation   total 10944K, used 9943K [0x14750000, 0x15200000, 0x1f200000)
   the space 10944K,  90% used [0x14750000, 0x15105de8, 0x15105e00, 0x15200000)
 Metaspace       used 3826K, capacity 4069K, committed 4160K, reserved 4480K
}
Event: 56.815 GC heap before
{Heap before GC invocations=16 (full 0):
 def new generation   total 4928K, used 4558K [0x0f200000, 0x0f750000, 0x14750000)
  eden space 4416K, 100% used [0x0f200000, 0x0f650000, 0x0f650000)
  from space 512K,  27% used [0x0f650000, 0x0f673a58, 0x0f6d0000)
  to   space 512K,   0% used [0x0f6d0000, 0x0f6d0000, 0x0f750000)
 tenured generation   total 10944K, used 9943K [0x14750000, 0x15200000, 0x1f200000)
   the space 10944K,  90% used [0x14750000, 0x15105de8, 0x15105e00, 0x15200000)
 Metaspace       used 3826K, capacity 4069K, committed 4160K, reserved 4480K
Event: 56.816 GC heap after
Heap after GC invocations=17 (full 0):
 def new generation   total 4928K, used 127K [0x0f200000, 0x0f750000, 0x14750000)
  eden space 4416K,   0% used [0x0f200000, 0x0f200000, 0x0f650000)
  from space 512K,  24% used [0x0f6d0000, 0x0f6efe88, 0x0f750000)
  to   space 512K,   0% used [0x0f650000, 0x0f650000, 0x0f6d0000)
 tenured generation   total 10944K, used 9943K [0x14750000, 0x15200000, 0x1f200000)
   the space 10944K,  90% used [0x14750000, 0x15105de8, 0x15105e00, 0x15200000)
 Metaspace       used 3826K, capacity 4069K, committed 4160K, reserved 4480K
}

